cd build && make check
make[1]: Entering directory `/v/filer4b/v38q001/scottnm/Documents/CS439/project 3/src/vm/build'
pintos -v -k -T 60 --qemu  --filesys-size=2 -p tests/userprog/write-stdin -a write-stdin --swap-size=4 -- -q  -f run write-stdin < /dev/null 2> tests/userprog/write-stdin.errors > tests/userprog/write-stdin.output
perl -I../.. ../../tests/userprog/write-stdin.ck tests/userprog/write-stdin tests/userprog/write-stdin.result
pass tests/userprog/write-stdin
/lusr/opt/gcc-4.2.4/bin/gcc -m32 -c ../../tests/userprog/write-bad-fd.c -o tests/userprog/write-bad-fd.o -g -msoft-float -O -fno-stack-protector -nostdinc -I../.. -I../../lib -I../../lib/user -I. -Wall -W -Wstrict-prototypes -Wmissing-prototypes -Wsystem-headers  -MMD -MF tests/userprog/write-bad-fd.d
/lusr/opt/gcc-4.2.4/bin/gcc -m32  -Wl,--build-id=none -nostdlib -static -Wl,-T,../../lib/user/user.lds tests/userprog/write-bad-fd.o tests/main.o tests/lib.o lib/user/entry.o libc.a -o tests/userprog/write-bad-fd
pintos -v -k -T 60 --qemu  --filesys-size=2 -p tests/userprog/write-bad-fd -a write-bad-fd --swap-size=4 -- -q  -f run write-bad-fd < /dev/null 2> tests/userprog/write-bad-fd.errors > tests/userprog/write-bad-fd.output
perl -I../.. ../../tests/userprog/write-bad-fd.ck tests/userprog/write-bad-fd tests/userprog/write-bad-fd.result
pass tests/userprog/write-bad-fd
/lusr/opt/gcc-4.2.4/bin/gcc -m32 -c ../../tests/userprog/exec-once.c -o tests/userprog/exec-once.o -g -msoft-float -O -fno-stack-protector -nostdinc -I../.. -I../../lib -I../../lib/user -I. -Wall -W -Wstrict-prototypes -Wmissing-prototypes -Wsystem-headers  -MMD -MF tests/userprog/exec-once.d
/lusr/opt/gcc-4.2.4/bin/gcc -m32  -Wl,--build-id=none -nostdlib -static -Wl,-T,../../lib/user/user.lds tests/userprog/exec-once.o tests/main.o tests/lib.o lib/user/entry.o libc.a -o tests/userprog/exec-once
/lusr/opt/gcc-4.2.4/bin/gcc -m32 -c ../../tests/userprog/child-simple.c -o tests/userprog/child-simple.o -g -msoft-float -O -fno-stack-protector -nostdinc -I../.. -I../../lib -I../../lib/user -I. -Wall -W -Wstrict-prototypes -Wmissing-prototypes -Wsystem-headers  -MMD -MF tests/userprog/child-simple.d
/lusr/opt/gcc-4.2.4/bin/gcc -m32  -Wl,--build-id=none -nostdlib -static -Wl,-T,../../lib/user/user.lds tests/userprog/child-simple.o tests/lib.o lib/user/entry.o libc.a -o tests/userprog/child-simple
pintos -v -k -T 60 --qemu  --filesys-size=2 -p tests/userprog/exec-once -a exec-once -p tests/userprog/child-simple -a child-simple --swap-size=4 -- -q  -f run exec-once < /dev/null 2> tests/userprog/exec-once.errors > tests/userprog/exec-once.output
perl -I../.. ../../tests/userprog/exec-once.ck tests/userprog/exec-once tests/userprog/exec-once.result
pass tests/userprog/exec-once
/lusr/opt/gcc-4.2.4/bin/gcc -m32 -c ../../tests/userprog/exec-arg.c -o tests/userprog/exec-arg.o -g -msoft-float -O -fno-stack-protector -nostdinc -I../.. -I../../lib -I../../lib/user -I. -Wall -W -Wstrict-prototypes -Wmissing-prototypes -Wsystem-headers  -MMD -MF tests/userprog/exec-arg.d
/lusr/opt/gcc-4.2.4/bin/gcc -m32  -Wl,--build-id=none -nostdlib -static -Wl,-T,../../lib/user/user.lds tests/userprog/exec-arg.o tests/main.o tests/lib.o lib/user/entry.o libc.a -o tests/userprog/exec-arg
/lusr/opt/gcc-4.2.4/bin/gcc -m32  -Wl,--build-id=none -nostdlib -static -Wl,-T,../../lib/user/user.lds tests/userprog/args.o tests/lib.o lib/user/entry.o libc.a -o tests/userprog/child-args
pintos -v -k -T 60 --qemu  --filesys-size=2 -p tests/userprog/exec-arg -a exec-arg -p tests/userprog/child-args -a child-args --swap-size=4 -- -q  -f run exec-arg < /dev/null 2> tests/userprog/exec-arg.errors > tests/userprog/exec-arg.output
perl -I../.. ../../tests/userprog/exec-arg.ck tests/userprog/exec-arg tests/userprog/exec-arg.result
pass tests/userprog/exec-arg
/lusr/opt/gcc-4.2.4/bin/gcc -m32 -c ../../tests/userprog/exec-multiple.c -o tests/userprog/exec-multiple.o -g -msoft-float -O -fno-stack-protector -nostdinc -I../.. -I../../lib -I../../lib/user -I. -Wall -W -Wstrict-prototypes -Wmissing-prototypes -Wsystem-headers  -MMD -MF tests/userprog/exec-multiple.d
/lusr/opt/gcc-4.2.4/bin/gcc -m32  -Wl,--build-id=none -nostdlib -static -Wl,-T,../../lib/user/user.lds tests/userprog/exec-multiple.o tests/main.o tests/lib.o lib/user/entry.o libc.a -o tests/userprog/exec-multiple
pintos -v -k -T 60 --qemu  --filesys-size=2 -p tests/userprog/exec-multiple -a exec-multiple -p tests/userprog/child-simple -a child-simple --swap-size=4 -- -q  -f run exec-multiple < /dev/null 2> tests/userprog/exec-multiple.errors > tests/userprog/exec-multiple.output
perl -I../.. ../../tests/userprog/exec-multiple.ck tests/userprog/exec-multiple tests/userprog/exec-multiple.result
pass tests/userprog/exec-multiple
/lusr/opt/gcc-4.2.4/bin/gcc -m32 -c ../../tests/userprog/exec-missing.c -o tests/userprog/exec-missing.o -g -msoft-float -O -fno-stack-protector -nostdinc -I../.. -I../../lib -I../../lib/user -I. -Wall -W -Wstrict-prototypes -Wmissing-prototypes -Wsystem-headers  -MMD -MF tests/userprog/exec-missing.d
/lusr/opt/gcc-4.2.4/bin/gcc -m32  -Wl,--build-id=none -nostdlib -static -Wl,-T,../../lib/user/user.lds tests/userprog/exec-missing.o tests/main.o tests/lib.o lib/user/entry.o libc.a -o tests/userprog/exec-missing
pintos -v -k -T 60 --qemu  --filesys-size=2 -p tests/userprog/exec-missing -a exec-missing --swap-size=4 -- -q  -f run exec-missing < /dev/null 2> tests/userprog/exec-missing.errors > tests/userprog/exec-missing.output
perl -I../.. ../../tests/userprog/exec-missing.ck tests/userprog/exec-missing tests/userprog/exec-missing.result
pass tests/userprog/exec-missing
/lusr/opt/gcc-4.2.4/bin/gcc -m32 -c ../../tests/userprog/exec-bad-ptr.c -o tests/userprog/exec-bad-ptr.o -g -msoft-float -O -fno-stack-protector -nostdinc -I../.. -I../../lib -I../../lib/user -I. -Wall -W -Wstrict-prototypes -Wmissing-prototypes -Wsystem-headers  -MMD -MF tests/userprog/exec-bad-ptr.d
/lusr/opt/gcc-4.2.4/bin/gcc -m32  -Wl,--build-id=none -nostdlib -static -Wl,-T,../../lib/user/user.lds tests/userprog/exec-bad-ptr.o tests/main.o tests/lib.o lib/user/entry.o libc.a -o tests/userprog/exec-bad-ptr
pintos -v -k -T 60 --qemu  --filesys-size=2 -p tests/userprog/exec-bad-ptr -a exec-bad-ptr --swap-size=4 -- -q  -f run exec-bad-ptr < /dev/null 2> tests/userprog/exec-bad-ptr.errors > tests/userprog/exec-bad-ptr.output
perl -I../.. ../../tests/userprog/exec-bad-ptr.ck tests/userprog/exec-bad-ptr tests/userprog/exec-bad-ptr.result
pass tests/userprog/exec-bad-ptr
/lusr/opt/gcc-4.2.4/bin/gcc -m32 -c ../../tests/userprog/wait-simple.c -o tests/userprog/wait-simple.o -g -msoft-float -O -fno-stack-protector -nostdinc -I../.. -I../../lib -I../../lib/user -I. -Wall -W -Wstrict-prototypes -Wmissing-prototypes -Wsystem-headers  -MMD -MF tests/userprog/wait-simple.d
/lusr/opt/gcc-4.2.4/bin/gcc -m32  -Wl,--build-id=none -nostdlib -static -Wl,-T,../../lib/user/user.lds tests/userprog/wait-simple.o tests/main.o tests/lib.o lib/user/entry.o libc.a -o tests/userprog/wait-simple
pintos -v -k -T 60 --qemu  --filesys-size=2 -p tests/userprog/wait-simple -a wait-simple -p tests/userprog/child-simple -a child-simple --swap-size=4 -- -q  -f run wait-simple < /dev/null 2> tests/userprog/wait-simple.errors > tests/userprog/wait-simple.output
perl -I../.. ../../tests/userprog/wait-simple.ck tests/userprog/wait-simple tests/userprog/wait-simple.result
pass tests/userprog/wait-simple
/lusr/opt/gcc-4.2.4/bin/gcc -m32 -c ../../tests/userprog/wait-twice.c -o tests/userprog/wait-twice.o -g -msoft-float -O -fno-stack-protector -nostdinc -I../.. -I../../lib -I../../lib/user -I. -Wall -W -Wstrict-prototypes -Wmissing-prototypes -Wsystem-headers  -MMD -MF tests/userprog/wait-twice.d
/lusr/opt/gcc-4.2.4/bin/gcc -m32  -Wl,--build-id=none -nostdlib -static -Wl,-T,../../lib/user/user.lds tests/userprog/wait-twice.o tests/main.o tests/lib.o lib/user/entry.o libc.a -o tests/userprog/wait-twice
pintos -v -k -T 60 --qemu  --filesys-size=2 -p tests/userprog/wait-twice -a wait-twice -p tests/userprog/child-simple -a child-simple --swap-size=4 -- -q  -f run wait-twice < /dev/null 2> tests/userprog/wait-twice.errors > tests/userprog/wait-twice.output
perl -I../.. ../../tests/userprog/wait-twice.ck tests/userprog/wait-twice tests/userprog/wait-twice.result
pass tests/userprog/wait-twice
/lusr/opt/gcc-4.2.4/bin/gcc -m32 -c ../../tests/userprog/wait-killed.c -o tests/userprog/wait-killed.o -g -msoft-float -O -fno-stack-protector -nostdinc -I../.. -I../../lib -I../../lib/user -I. -Wall -W -Wstrict-prototypes -Wmissing-prototypes -Wsystem-headers  -MMD -MF tests/userprog/wait-killed.d
/lusr/opt/gcc-4.2.4/bin/gcc -m32  -Wl,--build-id=none -nostdlib -static -Wl,-T,../../lib/user/user.lds tests/userprog/wait-killed.o tests/main.o tests/lib.o lib/user/entry.o libc.a -o tests/userprog/wait-killed
/lusr/opt/gcc-4.2.4/bin/gcc -m32 -c ../../tests/userprog/child-bad.c -o tests/userprog/child-bad.o -g -msoft-float -O -fno-stack-protector -nostdinc -I../.. -I../../lib -I../../lib/user -I. -Wall -W -Wstrict-prototypes -Wmissing-prototypes -Wsystem-headers  -MMD -MF tests/userprog/child-bad.d
/lusr/opt/gcc-4.2.4/bin/gcc -m32  -Wl,--build-id=none -nostdlib -static -Wl,-T,../../lib/user/user.lds tests/userprog/child-bad.o tests/main.o tests/lib.o lib/user/entry.o libc.a -o tests/userprog/child-bad
pintos -v -k -T 60 --qemu  --filesys-size=2 -p tests/userprog/wait-killed -a wait-killed -p tests/userprog/child-bad -a child-bad --swap-size=4 -- -q  -f run wait-killed < /dev/null 2> tests/userprog/wait-killed.errors > tests/userprog/wait-killed.output
perl -I../.. ../../tests/userprog/wait-killed.ck tests/userprog/wait-killed tests/userprog/wait-killed.result
pass tests/userprog/wait-killed
/lusr/opt/gcc-4.2.4/bin/gcc -m32 -c ../../tests/userprog/wait-bad-pid.c -o tests/userprog/wait-bad-pid.o -g -msoft-float -O -fno-stack-protector -nostdinc -I../.. -I../../lib -I../../lib/user -I. -Wall -W -Wstrict-prototypes -Wmissing-prototypes -Wsystem-headers  -MMD -MF tests/userprog/wait-bad-pid.d
/lusr/opt/gcc-4.2.4/bin/gcc -m32  -Wl,--build-id=none -nostdlib -static -Wl,-T,../../lib/user/user.lds tests/userprog/wait-bad-pid.o tests/main.o tests/lib.o lib/user/entry.o libc.a -o tests/userprog/wait-bad-pid
pintos -v -k -T 60 --qemu  --filesys-size=2 -p tests/userprog/wait-bad-pid -a wait-bad-pid --swap-size=4 -- -q  -f run wait-bad-pid < /dev/null 2> tests/userprog/wait-bad-pid.errors > tests/userprog/wait-bad-pid.output
perl -I../.. ../../tests/userprog/wait-bad-pid.ck tests/userprog/wait-bad-pid tests/userprog/wait-bad-pid.result
pass tests/userprog/wait-bad-pid
/lusr/opt/gcc-4.2.4/bin/gcc -m32 -c ../../tests/userprog/multi-recurse.c -o tests/userprog/multi-recurse.o -g -msoft-float -O -fno-stack-protector -nostdinc -I../.. -I../../lib -I../../lib/user -I. -Wall -W -Wstrict-prototypes -Wmissing-prototypes -Wsystem-headers  -MMD -MF tests/userprog/multi-recurse.d
/lusr/opt/gcc-4.2.4/bin/gcc -m32  -Wl,--build-id=none -nostdlib -static -Wl,-T,../../lib/user/user.lds tests/userprog/multi-recurse.o tests/lib.o lib/user/entry.o libc.a -o tests/userprog/multi-recurse
pintos -v -k -T 60 --qemu  --filesys-size=2 -p tests/userprog/multi-recurse -a multi-recurse --swap-size=4 -- -q  -f run 'multi-recurse 15' < /dev/null 2> tests/userprog/multi-recurse.errors > tests/userprog/multi-recurse.output
perl -I../.. ../../tests/userprog/multi-recurse.ck tests/userprog/multi-recurse tests/userprog/multi-recurse.result
pass tests/userprog/multi-recurse
/lusr/opt/gcc-4.2.4/bin/gcc -m32 -c ../../tests/userprog/multi-child-fd.c -o tests/userprog/multi-child-fd.o -g -msoft-float -O -fno-stack-protector -nostdinc -I../.. -I../../lib -I../../lib/user -I. -Wall -W -Wstrict-prototypes -Wmissing-prototypes -Wsystem-headers  -MMD -MF tests/userprog/multi-child-fd.d
/lusr/opt/gcc-4.2.4/bin/gcc -m32  -Wl,--build-id=none -nostdlib -static -Wl,-T,../../lib/user/user.lds tests/userprog/multi-child-fd.o tests/main.o tests/lib.o lib/user/entry.o libc.a -o tests/userprog/multi-child-fd
/lusr/opt/gcc-4.2.4/bin/gcc -m32 -c ../../tests/userprog/child-close.c -o tests/userprog/child-close.o -g -msoft-float -O -fno-stack-protector -nostdinc -I../.. -I../../lib -I../../lib/user -I. -Wall -W -Wstrict-prototypes -Wmissing-prototypes -Wsystem-headers  -MMD -MF tests/userprog/child-close.d
/lusr/opt/gcc-4.2.4/bin/gcc -m32  -Wl,--build-id=none -nostdlib -static -Wl,-T,../../lib/user/user.lds tests/userprog/child-close.o tests/lib.o lib/user/entry.o libc.a -o tests/userprog/child-close
pintos -v -k -T 60 --qemu  --filesys-size=2 -p tests/userprog/multi-child-fd -a multi-child-fd -p ../../tests/userprog/sample.txt -a sample.txt -p tests/userprog/child-close -a child-close --swap-size=4 -- -q  -f run multi-child-fd < /dev/null 2> tests/userprog/multi-child-fd.errors > tests/userprog/multi-child-fd.output
perl -I../.. ../../tests/userprog/multi-child-fd.ck tests/userprog/multi-child-fd tests/userprog/multi-child-fd.result
pass tests/userprog/multi-child-fd
/lusr/opt/gcc-4.2.4/bin/gcc -m32 -c ../../tests/userprog/rox-simple.c -o tests/userprog/rox-simple.o -g -msoft-float -O -fno-stack-protector -nostdinc -I../.. -I../../lib -I../../lib/user -I. -Wall -W -Wstrict-prototypes -Wmissing-prototypes -Wsystem-headers  -MMD -MF tests/userprog/rox-simple.d
/lusr/opt/gcc-4.2.4/bin/gcc -m32  -Wl,--build-id=none -nostdlib -static -Wl,-T,../../lib/user/user.lds tests/userprog/rox-simple.o tests/main.o tests/lib.o lib/user/entry.o libc.a -o tests/userprog/rox-simple
pintos -v -k -T 60 --qemu  --filesys-size=2 -p tests/userprog/rox-simple -a rox-simple --swap-size=4 -- -q  -f run rox-simple < /dev/null 2> tests/userprog/rox-simple.errors > tests/userprog/rox-simple.output
perl -I../.. ../../tests/userprog/rox-simple.ck tests/userprog/rox-simple tests/userprog/rox-simple.result
pass tests/userprog/rox-simple
/lusr/opt/gcc-4.2.4/bin/gcc -m32 -c ../../tests/userprog/rox-child.c -o tests/userprog/rox-child.o -g -msoft-float -O -fno-stack-protector -nostdinc -I../.. -I../../lib -I../../lib/user -I. -Wall -W -Wstrict-prototypes -Wmissing-prototypes -Wsystem-headers  -MMD -MF tests/userprog/rox-child.d
/lusr/opt/gcc-4.2.4/bin/gcc -m32  -Wl,--build-id=none -nostdlib -static -Wl,-T,../../lib/user/user.lds tests/userprog/rox-child.o tests/main.o tests/lib.o lib/user/entry.o libc.a -o tests/userprog/rox-child
/lusr/opt/gcc-4.2.4/bin/gcc -m32 -c ../../tests/userprog/child-rox.c -o tests/userprog/child-rox.o -g -msoft-float -O -fno-stack-protector -nostdinc -I../.. -I../../lib -I../../lib/user -I. -Wall -W -Wstrict-prototypes -Wmissing-prototypes -Wsystem-headers  -MMD -MF tests/userprog/child-rox.d
/lusr/opt/gcc-4.2.4/bin/gcc -m32  -Wl,--build-id=none -nostdlib -static -Wl,-T,../../lib/user/user.lds tests/userprog/child-rox.o tests/lib.o lib/user/entry.o libc.a -o tests/userprog/child-rox
pintos -v -k -T 60 --qemu  --filesys-size=2 -p tests/userprog/rox-child -a rox-child -p tests/userprog/child-rox -a child-rox --swap-size=4 -- -q  -f run rox-child < /dev/null 2> tests/userprog/rox-child.errors > tests/userprog/rox-child.output
perl -I../.. ../../tests/userprog/rox-child.ck tests/userprog/rox-child tests/userprog/rox-child.result
pass tests/userprog/rox-child
/lusr/opt/gcc-4.2.4/bin/gcc -m32 -c ../../tests/userprog/rox-multichild.c -o tests/userprog/rox-multichild.o -g -msoft-float -O -fno-stack-protector -nostdinc -I../.. -I../../lib -I../../lib/user -I. -Wall -W -Wstrict-prototypes -Wmissing-prototypes -Wsystem-headers  -MMD -MF tests/userprog/rox-multichild.d
/lusr/opt/gcc-4.2.4/bin/gcc -m32  -Wl,--build-id=none -nostdlib -static -Wl,-T,../../lib/user/user.lds tests/userprog/rox-multichild.o tests/main.o tests/lib.o lib/user/entry.o libc.a -o tests/userprog/rox-multichild
pintos -v -k -T 60 --qemu  --filesys-size=2 -p tests/userprog/rox-multichild -a rox-multichild -p tests/userprog/child-rox -a child-rox --swap-size=4 -- -q  -f run rox-multichild < /dev/null 2> tests/userprog/rox-multichild.errors > tests/userprog/rox-multichild.output
perl -I../.. ../../tests/userprog/rox-multichild.ck tests/userprog/rox-multichild tests/userprog/rox-multichild.result
pass tests/userprog/rox-multichild
/lusr/opt/gcc-4.2.4/bin/gcc -m32 -c ../../tests/userprog/bad-read.c -o tests/userprog/bad-read.o -g -msoft-float -O -fno-stack-protector -nostdinc -I../.. -I../../lib -I../../lib/user -I. -Wall -W -Wstrict-prototypes -Wmissing-prototypes -Wsystem-headers  -MMD -MF tests/userprog/bad-read.d
/lusr/opt/gcc-4.2.4/bin/gcc -m32  -Wl,--build-id=none -nostdlib -static -Wl,-T,../../lib/user/user.lds tests/userprog/bad-read.o tests/main.o tests/lib.o lib/user/entry.o libc.a -o tests/userprog/bad-read
pintos -v -k -T 60 --qemu  --filesys-size=2 -p tests/userprog/bad-read -a bad-read --swap-size=4 -- -q  -f run bad-read < /dev/null 2> tests/userprog/bad-read.errors > tests/userprog/bad-read.output
perl -I../.. ../../tests/userprog/bad-read.ck tests/userprog/bad-read tests/userprog/bad-read.result
FAIL tests/userprog/bad-read
Kernel panic in run: PANIC at ../../userprog/exception.c:174 in page_fault(): assertion `page != NULL' failed.
Call stack: 0xc00286a2 0xc002ba50 0xc0021ade 0xc0021c0f 0x80480a6 0x80480ff 0x804874d
Translation of call stack:
In kernel.o:
0xc00286a2: debug_panic (.../../lib/kernel/debug.c:38)
0xc002ba50: page_fault (.../userprog/exception.c:175)
0xc0021ade: intr_handler (..../threads/interrupt.c:367)
0xc0021c0f: intr_entry (threads/intr-stubs.S:38)
In tests/userprog/bad-read:
0x080480a6: test_main (...ts/userprog/bad-read.c:10)
0x080480ff: main (...ild/../../tests/main.c:13)
0x0804874d: _start (.../../../lib/user/entry.c:9)
Translations of user virtual addresses above are based on a guess at
the binary to use.  If this guess is incorrect, then those
translations will be misleading.
/lusr/opt/gcc-4.2.4/bin/gcc -m32 -c ../../tests/userprog/bad-write.c -o tests/userprog/bad-write.o -g -msoft-float -O -fno-stack-protector -nostdinc -I../.. -I../../lib -I../../lib/user -I. -Wall -W -Wstrict-prototypes -Wmissing-prototypes -Wsystem-headers  -MMD -MF tests/userprog/bad-write.d
/lusr/opt/gcc-4.2.4/bin/gcc -m32  -Wl,--build-id=none -nostdlib -static -Wl,-T,../../lib/user/user.lds tests/userprog/bad-write.o tests/main.o tests/lib.o lib/user/entry.o libc.a -o tests/userprog/bad-write
pintos -v -k -T 60 --qemu  --filesys-size=2 -p tests/userprog/bad-write -a bad-write --swap-size=4 -- -q  -f run bad-write < /dev/null 2> tests/userprog/bad-write.errors > tests/userprog/bad-write.output
perl -I../.. ../../tests/userprog/bad-write.ck tests/userprog/bad-write tests/userprog/bad-write.result
FAIL tests/userprog/bad-write
Kernel panic in run: PANIC at ../../userprog/exception.c:174 in page_fault(): assertion `page != NULL' failed.
Call stack: 0xc00286a2 0xc002ba50 0xc0021ade 0xc0021c0f 0x80480a6 0x80480f4 0x804873d
Translation of call stack:
In kernel.o:
0xc00286a2: debug_panic (.../../lib/kernel/debug.c:38)
0xc002ba50: page_fault (.../userprog/exception.c:175)
0xc0021ade: intr_handler (..../threads/interrupt.c:367)
0xc0021c0f: intr_entry (threads/intr-stubs.S:38)
In tests/userprog/bad-write:
0x080480a6: test_main (...s/userprog/bad-write.c:10)
0x080480f4: main (...ild/../../tests/main.c:13)
0x0804873d: _start (.../../../lib/user/entry.c:9)
Translations of user virtual addresses above are based on a guess at
the binary to use.  If this guess is incorrect, then those
translations will be misleading.
/lusr/opt/gcc-4.2.4/bin/gcc -m32 -c ../../tests/userprog/bad-read2.c -o tests/userprog/bad-read2.o -g -msoft-float -O -fno-stack-protector -nostdinc -I../.. -I../../lib -I../../lib/user -I. -Wall -W -Wstrict-prototypes -Wmissing-prototypes -Wsystem-headers  -MMD -MF tests/userprog/bad-read2.d
/lusr/opt/gcc-4.2.4/bin/gcc -m32  -Wl,--build-id=none -nostdlib -static -Wl,-T,../../lib/user/user.lds tests/userprog/bad-read2.o tests/main.o tests/lib.o lib/user/entry.o libc.a -o tests/userprog/bad-read2
pintos -v -k -T 60 --qemu  --filesys-size=2 -p tests/userprog/bad-read2 -a bad-read2 --swap-size=4 -- -q  -f run bad-read2 < /dev/null 2> tests/userprog/bad-read2.errors > tests/userprog/bad-read2.output
perl -I../.. ../../tests/userprog/bad-read2.ck tests/userprog/bad-read2 tests/userprog/bad-read2.result
FAIL tests/userprog/bad-read2
Kernel panic in run: PANIC at ../../userprog/exception.c:277 in page_fault(): assertion `0 && "SHOULD NOT REACH THIS POINT"' failed.
Call stack: 0xc00286a2 0xc002bb86 0xc0021ade 0xc0021c0f 0x80480a6 0x80480ff 0x804874d
Translation of call stack:
In kernel.o:
0xc00286a2: debug_panic (.../../lib/kernel/debug.c:38)
0xc002bb86: page_fault (.../userprog/exception.c:300)
0xc0021ade: intr_handler (..../threads/interrupt.c:367)
0xc0021c0f: intr_entry (threads/intr-stubs.S:38)
In tests/userprog/bad-read2:
0x080480a6: test_main (...s/userprog/bad-read2.c:10)
0x080480ff: main (...ild/../../tests/main.c:13)
0x0804874d: _start (.../../../lib/user/entry.c:9)
Translations of user virtual addresses above are based on a guess at
the binary to use.  If this guess is incorrect, then those
translations will be misleading.
/lusr/opt/gcc-4.2.4/bin/gcc -m32 -c ../../tests/userprog/bad-write2.c -o tests/userprog/bad-write2.o -g -msoft-float -O -fno-stack-protector -nostdinc -I../.. -I../../lib -I../../lib/user -I. -Wall -W -Wstrict-prototypes -Wmissing-prototypes -Wsystem-headers  -MMD -MF tests/userprog/bad-write2.d
/lusr/opt/gcc-4.2.4/bin/gcc -m32  -Wl,--build-id=none -nostdlib -static -Wl,-T,../../lib/user/user.lds tests/userprog/bad-write2.o tests/main.o tests/lib.o lib/user/entry.o libc.a -o tests/userprog/bad-write2
pintos -v -k -T 60 --qemu  --filesys-size=2 -p tests/userprog/bad-write2 -a bad-write2 --swap-size=4 -- -q  -f run bad-write2 < /dev/null 2> tests/userprog/bad-write2.errors > tests/userprog/bad-write2.output
perl -I../.. ../../tests/userprog/bad-write2.ck tests/userprog/bad-write2 tests/userprog/bad-write2.result
FAIL tests/userprog/bad-write2
Kernel panic in run: PANIC at ../../userprog/exception.c:277 in page_fault(): assertion `0 && "SHOULD NOT REACH THIS POINT"' failed.
Call stack: 0xc00286a2 0xc002bb86 0xc0021ade 0xc0021c0f 0x80480a6 0x80480f4 0x804873d
Translation of call stack:
In kernel.o:
0xc00286a2: debug_panic (.../../lib/kernel/debug.c:38)
0xc002bb86: page_fault (.../userprog/exception.c:300)
0xc0021ade: intr_handler (..../threads/interrupt.c:367)
0xc0021c0f: intr_entry (threads/intr-stubs.S:38)
In tests/userprog/bad-write2:
0x080480a6: test_main (.../userprog/bad-write2.c:10)
0x080480f4: main (...ild/../../tests/main.c:13)
0x0804873d: _start (.../../../lib/user/entry.c:9)
Translations of user virtual addresses above are based on a guess at
the binary to use.  If this guess is incorrect, then those
translations will be misleading.
/lusr/opt/gcc-4.2.4/bin/gcc -m32 -c ../../tests/userprog/bad-jump.c -o tests/userprog/bad-jump.o -g -msoft-float -O -fno-stack-protector -nostdinc -I../.. -I../../lib -I../../lib/user -I. -Wall -W -Wstrict-prototypes -Wmissing-prototypes -Wsystem-headers  -MMD -MF tests/userprog/bad-jump.d
/lusr/opt/gcc-4.2.4/bin/gcc -m32  -Wl,--build-id=none -nostdlib -static -Wl,-T,../../lib/user/user.lds tests/userprog/bad-jump.o tests/main.o tests/lib.o lib/user/entry.o libc.a -o tests/userprog/bad-jump
pintos -v -k -T 60 --qemu  --filesys-size=2 -p tests/userprog/bad-jump -a bad-jump --swap-size=4 -- -q  -f run bad-jump < /dev/null 2> tests/userprog/bad-jump.errors > tests/userprog/bad-jump.output
perl -I../.. ../../tests/userprog/bad-jump.ck tests/userprog/bad-jump tests/userprog/bad-jump.result
FAIL tests/userprog/bad-jump
Kernel panic in run: PANIC at ../../userprog/exception.c:174 in page_fault(): assertion `page != NULL' failed.
Call stack: 0xc00286a2 0xc002ba50 0xc0021ade 0xc0021c0f
Translation of call stack:
0xc00286a2: debug_panic (.../../lib/kernel/debug.c:38)
0xc002ba50: page_fault (.../userprog/exception.c:175)
0xc0021ade: intr_handler (..../threads/interrupt.c:367)
0xc0021c0f: intr_entry (threads/intr-stubs.S:38)
/lusr/opt/gcc-4.2.4/bin/gcc -m32 -c ../../tests/userprog/bad-jump2.c -o tests/userprog/bad-jump2.o -g -msoft-float -O -fno-stack-protector -nostdinc -I../.. -I../../lib -I../../lib/user -I. -Wall -W -Wstrict-prototypes -Wmissing-prototypes -Wsystem-headers  -MMD -MF tests/userprog/bad-jump2.d
/lusr/opt/gcc-4.2.4/bin/gcc -m32  -Wl,--build-id=none -nostdlib -static -Wl,-T,../../lib/user/user.lds tests/userprog/bad-jump2.o tests/main.o tests/lib.o lib/user/entry.o libc.a -o tests/userprog/bad-jump2
pintos -v -k -T 60 --qemu  --filesys-size=2 -p tests/userprog/bad-jump2 -a bad-jump2 --swap-size=4 -- -q  -f run bad-jump2 < /dev/null 2> tests/userprog/bad-jump2.errors > tests/userprog/bad-jump2.output
perl -I../.. ../../tests/userprog/bad-jump2.ck tests/userprog/bad-jump2 tests/userprog/bad-jump2.result
FAIL tests/userprog/bad-jump2
Kernel panic in run: PANIC at ../../userprog/exception.c:277 in page_fault(): assertion `0 && "SHOULD NOT REACH THIS POINT"' failed.
Call stack: 0xc00286a2 0xc002bb86 0xc0021ade 0xc0021c0f 0xc0000000 0x8048101 0x804874d
Translation of call stack:
In kernel.o:
0xc00286a2: debug_panic (.../../lib/kernel/debug.c:38)
0xc002bb86: page_fault (.../userprog/exception.c:300)
0xc0021ade: intr_handler (..../threads/interrupt.c:367)
0xc0021c0f: intr_entry (threads/intr-stubs.S:38)
0xc0000000: (unknown)
In tests/userprog/bad-jump2:
0x08048101: main (...ild/../../tests/main.c:13)
0x0804874d: _start (.../../../lib/user/entry.c:9)
Translations of user virtual addresses above are based on a guess at
the binary to use.  If this guess is incorrect, then those
translations will be misleading.
/lusr/opt/gcc-4.2.4/bin/gcc -m32 -c ../../tests/vm/pt-grow-stack.c -o tests/vm/pt-grow-stack.o -g -msoft-float -O -fno-stack-protector -nostdinc -I../.. -I../../lib -I../../lib/user -I. -Wall -W -Wstrict-prototypes -Wmissing-prototypes -Wsystem-headers  -MMD -MF tests/vm/pt-grow-stack.d
/lusr/opt/gcc-4.2.4/bin/gcc -m32 -c ../../tests/arc4.c -o tests/arc4.o -g -msoft-float -O -fno-stack-protector -nostdinc -I../.. -I../../lib -I../../lib/user -I. -Wall -W -Wstrict-prototypes -Wmissing-prototypes -Wsystem-headers  -MMD -MF tests/arc4.d
/lusr/opt/gcc-4.2.4/bin/gcc -m32 -c ../../tests/cksum.c -o tests/cksum.o -g -msoft-float -O -fno-stack-protector -nostdinc -I../.. -I../../lib -I../../lib/user -I. -Wall -W -Wstrict-prototypes -Wmissing-prototypes -Wsystem-headers  -MMD -MF tests/cksum.d
/lusr/opt/gcc-4.2.4/bin/gcc -m32  -Wl,--build-id=none -nostdlib -static -Wl,-T,../../lib/user/user.lds tests/vm/pt-grow-stack.o tests/arc4.o tests/cksum.o tests/lib.o tests/main.o lib/user/entry.o libc.a -o tests/vm/pt-grow-stack
pintos -v -k -T 60 --qemu  --filesys-size=2 -p tests/vm/pt-grow-stack -a pt-grow-stack --swap-size=4 -- -q  -f run pt-grow-stack < /dev/null 2> tests/vm/pt-grow-stack.errors > tests/vm/pt-grow-stack.output
perl -I../.. ../../tests/vm/pt-grow-stack.ck tests/vm/pt-grow-stack tests/vm/pt-grow-stack.result
FAIL tests/vm/pt-grow-stack
Kernel panic in run: PANIC at ../../userprog/exception.c:174 in page_fault(): assertion `page != NULL' failed.
Call stack: 0xc00286a2 0xc002ba50 0xc0021ade 0xc0021c0f 0x80480ab 0x80488fd 0x804892f
Translation of call stack:
In kernel.o:
0xc00286a2: debug_panic (.../../lib/kernel/debug.c:38)
0xc002ba50: page_fault (.../userprog/exception.c:175)
0xc0021ade: intr_handler (..../threads/interrupt.c:367)
0xc0021c0f: intr_entry (threads/intr-stubs.S:38)
In tests/vm/pt-grow-stack:
0x080480ab: test_main (...sts/vm/pt-grow-stack.c:16)
0x080488fd: main (...ild/../../tests/main.c:13)
0x0804892f: _start (.../../../lib/user/entry.c:9)
Translations of user virtual addresses above are based on a guess at
the binary to use.  If this guess is incorrect, then those
translations will be misleading.
/lusr/opt/gcc-4.2.4/bin/gcc -m32 -c ../../tests/vm/pt-grow-pusha.c -o tests/vm/pt-grow-pusha.o -g -msoft-float -O -fno-stack-protector -nostdinc -I../.. -I../../lib -I../../lib/user -I. -Wall -W -Wstrict-prototypes -Wmissing-prototypes -Wsystem-headers  -MMD -MF tests/vm/pt-grow-pusha.d
/lusr/opt/gcc-4.2.4/bin/gcc -m32  -Wl,--build-id=none -nostdlib -static -Wl,-T,../../lib/user/user.lds tests/vm/pt-grow-pusha.o tests/lib.o tests/main.o lib/user/entry.o libc.a -o tests/vm/pt-grow-pusha
pintos -v -k -T 60 --qemu  --filesys-size=2 -p tests/vm/pt-grow-pusha -a pt-grow-pusha --swap-size=4 -- -q  -f run pt-grow-pusha < /dev/null 2> tests/vm/pt-grow-pusha.errors > tests/vm/pt-grow-pusha.output
perl -I../.. ../../tests/vm/pt-grow-pusha.ck tests/vm/pt-grow-pusha tests/vm/pt-grow-pusha.result
FAIL tests/vm/pt-grow-pusha
Kernel panic in run: PANIC at ../../userprog/exception.c:174 in page_fault(): assertion `page != NULL' failed.
Call stack: 0xc00286a2 0xc002ba50 0xc0021ade 0xc0021c0f 0x80480ab 0x80486fd 0x804872f
Translation of call stack:
In kernel.o:
0xc00286a2: debug_panic (.../../lib/kernel/debug.c:38)
0xc002ba50: page_fault (.../userprog/exception.c:175)
0xc0021ade: intr_handler (..../threads/interrupt.c:367)
0xc0021c0f: intr_entry (threads/intr-stubs.S:38)
In tests/vm/pt-grow-pusha:
0x080480ab: test_main (...sts/vm/pt-grow-pusha.c:14)
0x080486fd: main (...ild/../../tests/main.c:13)
0x0804872f: _start (.../../../lib/user/entry.c:9)
Translations of user virtual addresses above are based on a guess at
the binary to use.  If this guess is incorrect, then those
translations will be misleading.
/lusr/opt/gcc-4.2.4/bin/gcc -m32 -c ../../tests/vm/pt-grow-bad.c -o tests/vm/pt-grow-bad.o -g -msoft-float -O -fno-stack-protector -nostdinc -I../.. -I../../lib -I../../lib/user -I. -Wall -W -Wstrict-prototypes -Wmissing-prototypes -Wsystem-headers  -MMD -MF tests/vm/pt-grow-bad.d
/lusr/opt/gcc-4.2.4/bin/gcc -m32  -Wl,--build-id=none -nostdlib -static -Wl,-T,../../lib/user/user.lds tests/vm/pt-grow-bad.o tests/lib.o tests/main.o lib/user/entry.o libc.a -o tests/vm/pt-grow-bad
pintos -v -k -T 60 --qemu  --filesys-size=2 -p tests/vm/pt-grow-bad -a pt-grow-bad --swap-size=4 -- -q  -f run pt-grow-bad < /dev/null 2> tests/vm/pt-grow-bad.errors > tests/vm/pt-grow-bad.output
perl -I../.. ../../tests/vm/pt-grow-bad.ck tests/vm/pt-grow-bad tests/vm/pt-grow-bad.result
FAIL tests/vm/pt-grow-bad
Kernel panic in run: PANIC at ../../userprog/exception.c:174 in page_fault(): assertion `page != NULL' failed.
Call stack: 0xc00286a2 0xc002ba50 0xc0021ade 0xc0021c0f 0x80480a3 0x80486fd 0x804872f
Translation of call stack:
In kernel.o:
0xc00286a2: debug_panic (.../../lib/kernel/debug.c:38)
0xc002ba50: page_fault (.../userprog/exception.c:175)
0xc0021ade: intr_handler (..../threads/interrupt.c:367)
0xc0021c0f: intr_entry (threads/intr-stubs.S:38)
In tests/vm/pt-grow-bad:
0x080480a3: test_main (...tests/vm/pt-grow-bad.c:13)
0x080486fd: main (...ild/../../tests/main.c:13)
0x0804872f: _start (.../../../lib/user/entry.c:9)
Translations of user virtual addresses above are based on a guess at
the binary to use.  If this guess is incorrect, then those
translations will be misleading.
/lusr/opt/gcc-4.2.4/bin/gcc -m32 -c ../../tests/vm/pt-big-stk-obj.c -o tests/vm/pt-big-stk-obj.o -g -msoft-float -O -fno-stack-protector -nostdinc -I../.. -I../../lib -I../../lib/user -I. -Wall -W -Wstrict-prototypes -Wmissing-prototypes -Wsystem-headers  -MMD -MF tests/vm/pt-big-stk-obj.d
/lusr/opt/gcc-4.2.4/bin/gcc -m32  -Wl,--build-id=none -nostdlib -static -Wl,-T,../../lib/user/user.lds tests/vm/pt-big-stk-obj.o tests/arc4.o tests/cksum.o tests/lib.o tests/main.o lib/user/entry.o libc.a -o tests/vm/pt-big-stk-obj
pintos -v -k -T 60 --qemu  --filesys-size=2 -p tests/vm/pt-big-stk-obj -a pt-big-stk-obj --swap-size=4 -- -q  -f run pt-big-stk-obj < /dev/null 2> tests/vm/pt-big-stk-obj.errors > tests/vm/pt-big-stk-obj.output
perl -I../.. ../../tests/vm/pt-big-stk-obj.ck tests/vm/pt-big-stk-obj tests/vm/pt-big-stk-obj.result
FAIL tests/vm/pt-big-stk-obj
Kernel panic in run: PANIC at ../../userprog/exception.c:174 in page_fault(): assertion `page != NULL' failed.
Call stack: 0xc00286a2 0xc002ba50 0xc0021ade 0xc0021c0f 0x80480ab 0x80488fd 0x804892f
Translation of call stack:
In kernel.o:
0xc00286a2: debug_panic (.../../lib/kernel/debug.c:38)
0xc002ba50: page_fault (.../userprog/exception.c:175)
0xc0021ade: intr_handler (..../threads/interrupt.c:367)
0xc0021c0f: intr_entry (threads/intr-stubs.S:38)
In tests/vm/pt-big-stk-obj:
0x080480ab: test_main (...ts/vm/pt-big-stk-obj.c:16)
0x080488fd: main (...ild/../../tests/main.c:13)
0x0804892f: _start (.../../../lib/user/entry.c:9)
Translations of user virtual addresses above are based on a guess at
the binary to use.  If this guess is incorrect, then those
translations will be misleading.
/lusr/opt/gcc-4.2.4/bin/gcc -m32 -c ../../tests/vm/pt-bad-addr.c -o tests/vm/pt-bad-addr.o -g -msoft-float -O -fno-stack-protector -nostdinc -I../.. -I../../lib -I../../lib/user -I. -Wall -W -Wstrict-prototypes -Wmissing-prototypes -Wsystem-headers  -MMD -MF tests/vm/pt-bad-addr.d
/lusr/opt/gcc-4.2.4/bin/gcc -m32  -Wl,--build-id=none -nostdlib -static -Wl,-T,../../lib/user/user.lds tests/vm/pt-bad-addr.o tests/lib.o tests/main.o lib/user/entry.o libc.a -o tests/vm/pt-bad-addr
pintos -v -k -T 60 --qemu  --filesys-size=2 -p tests/vm/pt-bad-addr -a pt-bad-addr --swap-size=4 -- -q  -f run pt-bad-addr < /dev/null 2> tests/vm/pt-bad-addr.errors > tests/vm/pt-bad-addr.output
perl -I../.. ../../tests/vm/pt-bad-addr.ck tests/vm/pt-bad-addr tests/vm/pt-bad-addr.result
FAIL tests/vm/pt-bad-addr
Kernel panic in run: PANIC at ../../userprog/exception.c:174 in page_fault(): assertion `page != NULL' failed.
Call stack: 0xc00286a2 0xc002ba50 0xc0021ade 0xc0021c0f 0x80480a6 0x804870d 0x804873f
Translation of call stack:
In kernel.o:
0xc00286a2: debug_panic (.../../lib/kernel/debug.c:38)
0xc002ba50: page_fault (.../userprog/exception.c:175)
0xc0021ade: intr_handler (..../threads/interrupt.c:367)
0xc0021c0f: intr_entry (threads/intr-stubs.S:38)
In tests/vm/pt-bad-addr:
0x080480a6: test_main (...tests/vm/pt-bad-addr.c:10)
0x0804870d: main (...ild/../../tests/main.c:13)
0x0804873f: _start (.../../../lib/user/entry.c:9)
Translations of user virtual addresses above are based on a guess at
the binary to use.  If this guess is incorrect, then those
translations will be misleading.
/lusr/opt/gcc-4.2.4/bin/gcc -m32 -c ../../tests/vm/pt-bad-read.c -o tests/vm/pt-bad-read.o -g -msoft-float -O -fno-stack-protector -nostdinc -I../.. -I../../lib -I../../lib/user -I. -Wall -W -Wstrict-prototypes -Wmissing-prototypes -Wsystem-headers  -MMD -MF tests/vm/pt-bad-read.d
/lusr/opt/gcc-4.2.4/bin/gcc -m32  -Wl,--build-id=none -nostdlib -static -Wl,-T,../../lib/user/user.lds tests/vm/pt-bad-read.o tests/lib.o tests/main.o lib/user/entry.o libc.a -o tests/vm/pt-bad-read
pintos -v -k -T 60 --qemu  --filesys-size=2 -p tests/vm/pt-bad-read -a pt-bad-read -p ../../tests/vm/sample.txt -a sample.txt --swap-size=4 -- -q  -f run pt-bad-read < /dev/null 2> tests/vm/pt-bad-read.errors > tests/vm/pt-bad-read.output
perl -I../.. ../../tests/vm/pt-bad-read.ck tests/vm/pt-bad-read tests/vm/pt-bad-read.result
pass tests/vm/pt-bad-read
/lusr/opt/gcc-4.2.4/bin/gcc -m32 -c ../../tests/vm/pt-write-code.c -o tests/vm/pt-write-code.o -g -msoft-float -O -fno-stack-protector -nostdinc -I../.. -I../../lib -I../../lib/user -I. -Wall -W -Wstrict-prototypes -Wmissing-prototypes -Wsystem-headers  -MMD -MF tests/vm/pt-write-code.d
/lusr/opt/gcc-4.2.4/bin/gcc -m32  -Wl,--build-id=none -nostdlib -static -Wl,-T,../../lib/user/user.lds tests/vm/pt-write-code.o tests/lib.o tests/main.o lib/user/entry.o libc.a -o tests/vm/pt-write-code
pintos -v -k -T 60 --qemu  --filesys-size=2 -p tests/vm/pt-write-code -a pt-write-code --swap-size=4 -- -q  -f run pt-write-code < /dev/null 2> tests/vm/pt-write-code.errors > tests/vm/pt-write-code.output
perl -I../.. ../../tests/vm/pt-write-code.ck tests/vm/pt-write-code tests/vm/pt-write-code.result
FAIL tests/vm/pt-write-code
Kernel panic in run: PANIC at ../../userprog/exception.c:277 in page_fault(): assertion `0 && "SHOULD NOT REACH THIS POINT"' failed.
Call stack: 0xc00286a2 0xc002bb86 0xc0021ade 0xc0021c0f 0x80480a6 0x804870d 0x804873f
Translation of call stack:
In kernel.o:
0xc00286a2: debug_panic (.../../lib/kernel/debug.c:38)
0xc002bb86: page_fault (.../userprog/exception.c:300)
0xc0021ade: intr_handler (..../threads/interrupt.c:367)
0xc0021c0f: intr_entry (threads/intr-stubs.S:38)
In tests/vm/pt-write-code:
0x080480a6: test_main (...sts/vm/pt-write-code.c:10)
0x0804870d: main (...ild/../../tests/main.c:13)
0x0804873f: _start (.../../../lib/user/entry.c:9)
Translations of user virtual addresses above are based on a guess at
the binary to use.  If this guess is incorrect, then those
translations will be misleading.
/lusr/opt/gcc-4.2.4/bin/gcc -m32 -c ../../tests/vm/pt-write-code-2.c -o tests/vm/pt-write-code-2.o -g -msoft-float -O -fno-stack-protector -nostdinc -I../.. -I../../lib -I../../lib/user -I. -Wall -W -Wstrict-prototypes -Wmissing-prototypes -Wsystem-headers  -MMD -MF tests/vm/pt-write-code-2.d
/lusr/opt/gcc-4.2.4/bin/gcc -m32  -Wl,--build-id=none -nostdlib -static -Wl,-T,../../lib/user/user.lds tests/vm/pt-write-code-2.o tests/lib.o tests/main.o lib/user/entry.o libc.a -o tests/vm/pt-write-code2
pintos -v -k -T 60 --qemu  --filesys-size=2 -p tests/vm/pt-write-code2 -a pt-write-code2 -p ../../tests/vm/sample.txt -a sample.txt --swap-size=4 -- -q  -f run pt-write-code2 < /dev/null 2> tests/vm/pt-write-code2.errors > tests/vm/pt-write-code2.output
perl -I../.. ../../tests/vm/pt-write-code2.ck tests/vm/pt-write-code2 tests/vm/pt-write-code2.result
FAIL tests/vm/pt-write-code2
Kernel panic in run: PANIC at ../../userprog/exception.c:277 in page_fault(): assertion `0 && "SHOULD NOT REACH THIS POINT"' failed.
Call stack: 0xc00286a2 0xc002bb86 0xc0021ade 0xc0021c0f 0xc0027bb4 0xc002d713 0xc002cd3a 0xc002c1e6 0xc0021ade 0xc0021c0f 0x804a1f0 0x80480e7 0x804874d 0x804877f
Translation of call stack:
In kernel.o:
0xc00286a2: debug_panic (.../../lib/kernel/debug.c:38)
0xc002bb86: page_fault (.../userprog/exception.c:300)
0xc0021ade: intr_handler (..../threads/interrupt.c:367)
0xc0021c0f: intr_entry (threads/intr-stubs.S:38)
0xc0027bb4: memcpy (...ild/../../lib/string.c:16)
0xc002d713: inode_read_at (...../../filesys/inode.c:243)
0xc002cd3a: file_read (...d/../../filesys/file.c:72)
0xc002c1e6: syscall_handler_read (...../userprog/syscall.c:513)
0xc0021ade: intr_handler (..../threads/interrupt.c:367)
0xc0021c0f: intr_entry (threads/intr-stubs.S:38)
In tests/vm/pt-write-code2:
0x0804a1f0: read (...../lib/user/syscall.c:117)
0x080480e7: test_main (...s/vm/pt-write-code-2.c:14)
0x0804874d: main (...ild/../../tests/main.c:13)
0x0804877f: _start (.../../../lib/user/entry.c:9)
Translations of user virtual addresses above are based on a guess at
the binary to use.  If this guess is incorrect, then those
translations will be misleading.
/lusr/opt/gcc-4.2.4/bin/gcc -m32 -c ../../tests/vm/pt-grow-stk-sc.c -o tests/vm/pt-grow-stk-sc.o -g -msoft-float -O -fno-stack-protector -nostdinc -I../.. -I../../lib -I../../lib/user -I. -Wall -W -Wstrict-prototypes -Wmissing-prototypes -Wsystem-headers  -MMD -MF tests/vm/pt-grow-stk-sc.d
/lusr/opt/gcc-4.2.4/bin/gcc -m32  -Wl,--build-id=none -nostdlib -static -Wl,-T,../../lib/user/user.lds tests/vm/pt-grow-stk-sc.o tests/lib.o tests/main.o lib/user/entry.o libc.a -o tests/vm/pt-grow-stk-sc
pintos -v -k -T 60 --qemu  --filesys-size=2 -p tests/vm/pt-grow-stk-sc -a pt-grow-stk-sc --swap-size=4 -- -q  -f run pt-grow-stk-sc < /dev/null 2> tests/vm/pt-grow-stk-sc.errors > tests/vm/pt-grow-stk-sc.output
perl -I../.. ../../tests/vm/pt-grow-stk-sc.ck tests/vm/pt-grow-stk-sc tests/vm/pt-grow-stk-sc.result
FAIL tests/vm/pt-grow-stk-sc
Kernel panic in run: PANIC at ../../userprog/exception.c:174 in page_fault(): assertion `page != NULL' failed.
Call stack: 0xc00286a2 0xc002ba50 0xc0021ade 0xc0021c0f 0x80480c3 0x804884d 0x804887f
Translation of call stack:
In kernel.o:
0xc00286a2: debug_panic (.../../lib/kernel/debug.c:38)
0xc002ba50: page_fault (.../userprog/exception.c:175)
0xc0021ade: intr_handler (..../threads/interrupt.c:367)
0xc0021c0f: intr_entry (threads/intr-stubs.S:38)
In tests/vm/pt-grow-stk-sc:
0x080480c3: test_main (...ts/vm/pt-grow-stk-sc.c:21)
0x0804884d: main (...ild/../../tests/main.c:13)
0x0804887f: _start (.../../../lib/user/entry.c:9)
Translations of user virtual addresses above are based on a guess at
the binary to use.  If this guess is incorrect, then those
translations will be misleading.
/lusr/opt/gcc-4.2.4/bin/gcc -m32 -c ../../tests/vm/page-linear.c -o tests/vm/page-linear.o -g -msoft-float -O -fno-stack-protector -nostdinc -I../.. -I../../lib -I../../lib/user -I. -Wall -W -Wstrict-prototypes -Wmissing-prototypes -Wsystem-headers  -MMD -MF tests/vm/page-linear.d
/lusr/opt/gcc-4.2.4/bin/gcc -m32  -Wl,--build-id=none -nostdlib -static -Wl,-T,../../lib/user/user.lds tests/vm/page-linear.o tests/arc4.o tests/lib.o tests/main.o lib/user/entry.o libc.a -o tests/vm/page-linear
pintos -v -k -T 300 --qemu  --filesys-size=2 -p tests/vm/page-linear -a page-linear --swap-size=4 -- -q  -f run page-linear < /dev/null 2> tests/vm/page-linear.errors > tests/vm/page-linear.output
perl -I../.. ../../tests/vm/page-linear.ck tests/vm/page-linear tests/vm/page-linear.result
FAIL tests/vm/page-linear
Kernel panic in run: PANIC at ../../vm/frame.c:172 in dumb_evict_frame(): assertion `0 && "eviction not implemented"' failed.
Call stack: 0xc00286a2 0xc002e20d 0xc002ba5e 0xc0021ade 0xc0021c0f 0x8049820 0x80480d2 0x804892d 0x804895f
Translation of call stack:
In kernel.o:
0xc00286a2: debug_panic (.../../lib/kernel/debug.c:38)
0xc002e20d: get_frame (...build/../../vm/frame.c:64)
0xc002ba5e: page_fault (.../userprog/exception.c:180)
0xc0021ade: intr_handler (..../threads/interrupt.c:367)
0xc0021c0f: intr_entry (threads/intr-stubs.S:38)
In tests/vm/page-linear:
0x08049820: memset (...ld/../../lib/string.c:286)
0x080480d2: test_main (...tests/vm/page-linear.c:24)
0x0804892d: main (...ild/../../tests/main.c:13)
0x0804895f: _start (.../../../lib/user/entry.c:9)
Translations of user virtual addresses above are based on a guess at
the binary to use.  If this guess is incorrect, then those
translations will be misleading.
/lusr/opt/gcc-4.2.4/bin/gcc -m32 -c ../../tests/vm/page-parallel.c -o tests/vm/page-parallel.o -g -msoft-float -O -fno-stack-protector -nostdinc -I../.. -I../../lib -I../../lib/user -I. -Wall -W -Wstrict-prototypes -Wmissing-prototypes -Wsystem-headers  -MMD -MF tests/vm/page-parallel.d
/lusr/opt/gcc-4.2.4/bin/gcc -m32  -Wl,--build-id=none -nostdlib -static -Wl,-T,../../lib/user/user.lds tests/vm/page-parallel.o tests/lib.o tests/main.o lib/user/entry.o libc.a -o tests/vm/page-parallel
/lusr/opt/gcc-4.2.4/bin/gcc -m32 -c ../../tests/vm/child-linear.c -o tests/vm/child-linear.o -g -msoft-float -O -fno-stack-protector -nostdinc -I../.. -I../../lib -I../../lib/user -I. -Wall -W -Wstrict-prototypes -Wmissing-prototypes -Wsystem-headers  -MMD -MF tests/vm/child-linear.d
/lusr/opt/gcc-4.2.4/bin/gcc -m32  -Wl,--build-id=none -nostdlib -static -Wl,-T,../../lib/user/user.lds tests/vm/child-linear.o tests/arc4.o tests/lib.o lib/user/entry.o libc.a -o tests/vm/child-linear
pintos -v -k -T 60 --qemu  --filesys-size=2 -p tests/vm/page-parallel -a page-parallel -p tests/vm/child-linear -a child-linear --swap-size=4 -- -q  -f run page-parallel < /dev/null 2> tests/vm/page-parallel.errors > tests/vm/page-parallel.output
perl -I../.. ../../tests/vm/page-parallel.ck tests/vm/page-parallel tests/vm/page-parallel.result
FAIL tests/vm/page-parallel
Kernel panic in run: PANIC at ../../vm/frame.c:172 in dumb_evict_frame(): assertion `0 && "eviction not implemented"' failed.
Call stack: 0xc00286a2 0xc002e20d 0xc002ba5e 0xc0021ade 0xc0021c0f 0x80481df 0x8048102 0x80488bd
Translation of call stack:
In kernel.o:
0xc00286a2: debug_panic (.../../lib/kernel/debug.c:38)
0xc002e20d: get_frame (...build/../../vm/frame.c:64)
0xc002ba5e: page_fault (.../userprog/exception.c:180)
0xc0021ade: intr_handler (..../threads/interrupt.c:367)
0xc0021c0f: intr_entry (threads/intr-stubs.S:38)
In tests/vm/page-parallel:
0x080481df: vmsg (...uild/../../tests/lib.c:21)
0x08048102: test_main (...sts/vm/page-parallel.c:20)
0x080488bd: random_bytes (...ild/../../lib/random.c:70)
Translations of user virtual addresses above are based on a guess at
the binary to use.  If this guess is incorrect, then those
translations will be misleading.
/lusr/opt/gcc-4.2.4/bin/gcc -m32 -c ../../tests/vm/page-merge-seq.c -o tests/vm/page-merge-seq.o -g -msoft-float -O -fno-stack-protector -nostdinc -I../.. -I../../lib -I../../lib/user -I. -Wall -W -Wstrict-prototypes -Wmissing-prototypes -Wsystem-headers  -MMD -MF tests/vm/page-merge-seq.d
/lusr/opt/gcc-4.2.4/bin/gcc -m32  -Wl,--build-id=none -nostdlib -static -Wl,-T,../../lib/user/user.lds tests/vm/page-merge-seq.o tests/arc4.o tests/lib.o tests/main.o lib/user/entry.o libc.a -o tests/vm/page-merge-seq
/lusr/opt/gcc-4.2.4/bin/gcc -m32 -c ../../tests/vm/child-sort.c -o tests/vm/child-sort.o -g -msoft-float -O -fno-stack-protector -nostdinc -I../.. -I../../lib -I../../lib/user -I. -Wall -W -Wstrict-prototypes -Wmissing-prototypes -Wsystem-headers  -MMD -MF tests/vm/child-sort.d
/lusr/opt/gcc-4.2.4/bin/gcc -m32  -Wl,--build-id=none -nostdlib -static -Wl,-T,../../lib/user/user.lds tests/vm/child-sort.o tests/lib.o lib/user/entry.o libc.a -o tests/vm/child-sort
pintos -v -k -T 300 --qemu  --filesys-size=2 -p tests/vm/page-merge-seq -a page-merge-seq -p tests/vm/child-sort -a child-sort --swap-size=4 -- -q  -f run page-merge-seq < /dev/null 2> tests/vm/page-merge-seq.errors > tests/vm/page-merge-seq.output
perl -I../.. ../../tests/vm/page-merge-seq.ck tests/vm/page-merge-seq tests/vm/page-merge-seq.result
FAIL tests/vm/page-merge-seq
run: wait for child-sort: FAILED
/lusr/opt/gcc-4.2.4/bin/gcc -m32 -c ../../tests/vm/page-merge-par.c -o tests/vm/page-merge-par.o -g -msoft-float -O -fno-stack-protector -nostdinc -I../.. -I../../lib -I../../lib/user -I. -Wall -W -Wstrict-prototypes -Wmissing-prototypes -Wsystem-headers  -MMD -MF tests/vm/page-merge-par.d
/lusr/opt/gcc-4.2.4/bin/gcc -m32 -c ../../tests/vm/parallel-merge.c -o tests/vm/parallel-merge.o -g -msoft-float -O -fno-stack-protector -nostdinc -I../.. -I../../lib -I../../lib/user -I. -Wall -W -Wstrict-prototypes -Wmissing-prototypes -Wsystem-headers  -MMD -MF tests/vm/parallel-merge.d
/lusr/opt/gcc-4.2.4/bin/gcc -m32  -Wl,--build-id=none -nostdlib -static -Wl,-T,../../lib/user/user.lds tests/vm/page-merge-par.o tests/vm/parallel-merge.o tests/arc4.o tests/lib.o tests/main.o lib/user/entry.o libc.a -o tests/vm/page-merge-par
pintos -v -k -T 300 --qemu  --filesys-size=2 -p tests/vm/page-merge-par -a page-merge-par -p tests/vm/child-sort -a child-sort --swap-size=4 -- -q  -f run page-merge-par < /dev/null 2> tests/vm/page-merge-par.errors > tests/vm/page-merge-par.output
perl -I../.. ../../tests/vm/page-merge-par.ck tests/vm/page-merge-par tests/vm/page-merge-par.result
FAIL tests/vm/page-merge-par
run: wait for child 0: FAILED
/lusr/opt/gcc-4.2.4/bin/gcc -m32 -c ../../tests/vm/page-merge-stk.c -o tests/vm/page-merge-stk.o -g -msoft-float -O -fno-stack-protector -nostdinc -I../.. -I../../lib -I../../lib/user -I. -Wall -W -Wstrict-prototypes -Wmissing-prototypes -Wsystem-headers  -MMD -MF tests/vm/page-merge-stk.d
/lusr/opt/gcc-4.2.4/bin/gcc -m32  -Wl,--build-id=none -nostdlib -static -Wl,-T,../../lib/user/user.lds tests/vm/page-merge-stk.o tests/vm/parallel-merge.o tests/arc4.o tests/lib.o tests/main.o lib/user/entry.o libc.a -o tests/vm/page-merge-stk
/lusr/opt/gcc-4.2.4/bin/gcc -m32 -c ../../tests/vm/child-qsort.c -o tests/vm/child-qsort.o -g -msoft-float -O -fno-stack-protector -nostdinc -I../.. -I../../lib -I../../lib/user -I. -Wall -W -Wstrict-prototypes -Wmissing-prototypes -Wsystem-headers  -MMD -MF tests/vm/child-qsort.d
/lusr/opt/gcc-4.2.4/bin/gcc -m32 -c ../../tests/vm/qsort.c -o tests/vm/qsort.o -g -msoft-float -O -fno-stack-protector -nostdinc -I../.. -I../../lib -I../../lib/user -I. -Wall -W -Wstrict-prototypes -Wmissing-prototypes -Wsystem-headers  -MMD -MF tests/vm/qsort.d
/lusr/opt/gcc-4.2.4/bin/gcc -m32  -Wl,--build-id=none -nostdlib -static -Wl,-T,../../lib/user/user.lds tests/vm/child-qsort.o tests/vm/qsort.o tests/lib.o lib/user/entry.o libc.a -o tests/vm/child-qsort
pintos -v -k -T 300 --qemu  --filesys-size=2 -p tests/vm/page-merge-stk -a page-merge-stk -p tests/vm/child-qsort -a child-qsort --swap-size=4 -- -q  -f run page-merge-stk < /dev/null 2> tests/vm/page-merge-stk.errors > tests/vm/page-merge-stk.output
perl -I../.. ../../tests/vm/page-merge-stk.ck tests/vm/page-merge-stk tests/vm/page-merge-stk.result
FAIL tests/vm/page-merge-stk
Kernel panic in run: PANIC at ../../userprog/exception.c:174 in page_fault(): assertion `page != NULL' failed.
Call stack: 0xc00286a2 0xc002ba50 0xc0021ade 0xc0021c0f 0x80480cc 0x80489cd
Translation of call stack:
In kernel.o:
0xc00286a2: debug_panic (.../../lib/kernel/debug.c:38)
0xc002ba50: page_fault (.../userprog/exception.c:175)
0xc0021ade: intr_handler (..../threads/interrupt.c:367)
0xc0021c0f: intr_entry (threads/intr-stubs.S:38)
In tests/vm/page-merge-stk:
0x080480cc: init (...ts/vm/parallel-merge.c:28)
0x080489cd: check_file_handle (...ild/../../tests/lib.c:144)
Translations of user virtual addresses above are based on a guess at
the binary to use.  If this guess is incorrect, then those
translations will be misleading.
/lusr/opt/gcc-4.2.4/bin/gcc -m32 -c ../../tests/vm/page-merge-mm.c -o tests/vm/page-merge-mm.o -g -msoft-float -O -fno-stack-protector -nostdinc -I../.. -I../../lib -I../../lib/user -I. -Wall -W -Wstrict-prototypes -Wmissing-prototypes -Wsystem-headers  -MMD -MF tests/vm/page-merge-mm.d
/lusr/opt/gcc-4.2.4/bin/gcc -m32  -Wl,--build-id=none -nostdlib -static -Wl,-T,../../lib/user/user.lds tests/vm/page-merge-mm.o tests/vm/parallel-merge.o tests/arc4.o tests/lib.o tests/main.o lib/user/entry.o libc.a -o tests/vm/page-merge-mm
/lusr/opt/gcc-4.2.4/bin/gcc -m32 -c ../../tests/vm/child-qsort-mm.c -o tests/vm/child-qsort-mm.o -g -msoft-float -O -fno-stack-protector -nostdinc -I../.. -I../../lib -I../../lib/user -I. -Wall -W -Wstrict-prototypes -Wmissing-prototypes -Wsystem-headers  -MMD -MF tests/vm/child-qsort-mm.d
/lusr/opt/gcc-4.2.4/bin/gcc -m32  -Wl,--build-id=none -nostdlib -static -Wl,-T,../../lib/user/user.lds tests/vm/child-qsort-mm.o tests/vm/qsort.o tests/lib.o lib/user/entry.o libc.a -o tests/vm/child-qsort-mm
pintos -v -k -T 300 --qemu  --filesys-size=2 -p tests/vm/page-merge-mm -a page-merge-mm -p tests/vm/child-qsort-mm -a child-qsort-mm --swap-size=4 -- -q  -f run page-merge-mm < /dev/null 2> tests/vm/page-merge-mm.errors > tests/vm/page-merge-mm.output
perl -I../.. ../../tests/vm/page-merge-mm.ck tests/vm/page-merge-mm tests/vm/page-merge-mm.result
FAIL tests/vm/page-merge-mm
Kernel panic in run: PANIC at ../../userprog/syscall.c:133 in syscall_handler(): assertion `0&&"NOT A SYSTEM CALL"' failed.
Call stack: 0xc00286a2 0xc002be8a 0xc0021ade 0xc0021c0f 0x804a497 0x8048123 0x80489cd
Translation of call stack:
In kernel.o:
0xc00286a2: debug_panic (.../../lib/kernel/debug.c:38)
0xc002be8a: syscall_handler (...../userprog/syscall.c:133)
0xc0021ade: intr_handler (..../threads/interrupt.c:367)
0xc0021c0f: intr_entry (threads/intr-stubs.S:38)
In tests/vm/page-merge-mm:
0x0804a497: sdiv64 (..../../lib/arithmetic.c:145)
0x08048123: init (...ts/vm/parallel-merge.c:32)
0x080489cd: check_file_handle (...ild/../../tests/lib.c:144)
Translations of user virtual addresses above are based on a guess at
the binary to use.  If this guess is incorrect, then those
translations will be misleading.
/lusr/opt/gcc-4.2.4/bin/gcc -m32 -c ../../tests/vm/page-shuffle.c -o tests/vm/page-shuffle.o -g -msoft-float -O -fno-stack-protector -nostdinc -I../.. -I../../lib -I../../lib/user -I. -Wall -W -Wstrict-prototypes -Wmissing-prototypes -Wsystem-headers  -MMD -MF tests/vm/page-shuffle.d
/lusr/opt/gcc-4.2.4/bin/gcc -m32  -Wl,--build-id=none -nostdlib -static -Wl,-T,../../lib/user/user.lds tests/vm/page-shuffle.o tests/arc4.o tests/cksum.o tests/lib.o tests/main.o lib/user/entry.o libc.a -o tests/vm/page-shuffle
pintos -v -k -T 300 --qemu  --filesys-size=2 -p tests/vm/page-shuffle -a page-shuffle --swap-size=4 -- -q  -f run page-shuffle < /dev/null 2> tests/vm/page-shuffle.errors > tests/vm/page-shuffle.output
perl -I../.. ../../tests/vm/page-shuffle.ck tests/vm/page-shuffle tests/vm/page-shuffle.result
pass tests/vm/page-shuffle
/lusr/opt/gcc-4.2.4/bin/gcc -m32 -c ../../tests/vm/mmap-read.c -o tests/vm/mmap-read.o -g -msoft-float -O -fno-stack-protector -nostdinc -I../.. -I../../lib -I../../lib/user -I. -Wall -W -Wstrict-prototypes -Wmissing-prototypes -Wsystem-headers  -MMD -MF tests/vm/mmap-read.d
/lusr/opt/gcc-4.2.4/bin/gcc -m32  -Wl,--build-id=none -nostdlib -static -Wl,-T,../../lib/user/user.lds tests/vm/mmap-read.o tests/lib.o tests/main.o lib/user/entry.o libc.a -o tests/vm/mmap-read
pintos -v -k -T 60 --qemu  --filesys-size=2 -p tests/vm/mmap-read -a mmap-read -p ../../tests/vm/sample.txt -a sample.txt --swap-size=4 -- -q  -f run mmap-read < /dev/null 2> tests/vm/mmap-read.errors > tests/vm/mmap-read.output
perl -I../.. ../../tests/vm/mmap-read.ck tests/vm/mmap-read tests/vm/mmap-read.result
FAIL tests/vm/mmap-read
Kernel panic in run: PANIC at ../../userprog/syscall.c:133 in syscall_handler(): assertion `0&&"NOT A SYSTEM CALL"' failed.
Call stack: 0xc00286a2 0xc002be8a 0xc0021ade 0xc0021c0f 0x804a2f7 0x80480f0 0x80487fd 0x804882f
Translation of call stack:
In kernel.o:
0xc00286a2: debug_panic (.../../lib/kernel/debug.c:38)
0xc002be8a: syscall_handler (...../userprog/syscall.c:133)
0xc0021ade: intr_handler (..../threads/interrupt.c:367)
0xc0021c0f: intr_entry (threads/intr-stubs.S:38)
In tests/vm/mmap-read:
0x0804a2f7: mmap (...../lib/user/syscall.c:147)
0x080480f0: test_main (..../tests/vm/mmap-read.c:18)
0x080487fd: main (...ild/../../tests/main.c:13)
0x0804882f: _start (.../../../lib/user/entry.c:9)
Translations of user virtual addresses above are based on a guess at
the binary to use.  If this guess is incorrect, then those
translations will be misleading.
/lusr/opt/gcc-4.2.4/bin/gcc -m32 -c ../../tests/vm/mmap-close.c -o tests/vm/mmap-close.o -g -msoft-float -O -fno-stack-protector -nostdinc -I../.. -I../../lib -I../../lib/user -I. -Wall -W -Wstrict-prototypes -Wmissing-prototypes -Wsystem-headers  -MMD -MF tests/vm/mmap-close.d
/lusr/opt/gcc-4.2.4/bin/gcc -m32  -Wl,--build-id=none -nostdlib -static -Wl,-T,../../lib/user/user.lds tests/vm/mmap-close.o tests/lib.o tests/main.o lib/user/entry.o libc.a -o tests/vm/mmap-close
pintos -v -k -T 60 --qemu  --filesys-size=2 -p tests/vm/mmap-close -a mmap-close -p ../../tests/vm/sample.txt -a sample.txt --swap-size=4 -- -q  -f run mmap-close < /dev/null 2> tests/vm/mmap-close.errors > tests/vm/mmap-close.output
perl -I../.. ../../tests/vm/mmap-close.ck tests/vm/mmap-close tests/vm/mmap-close.result
FAIL tests/vm/mmap-close
Kernel panic in run: PANIC at ../../userprog/syscall.c:133 in syscall_handler(): assertion `0&&"NOT A SYSTEM CALL"' failed.
Call stack: 0xc00286a2 0xc002be8a 0xc0021ade 0xc0021c0f 0x804a2b7 0x80480f6 0x80487bd 0x80487ef
Translation of call stack:
In kernel.o:
0xc00286a2: debug_panic (.../../lib/kernel/debug.c:38)
0xc002be8a: syscall_handler (...../userprog/syscall.c:133)
0xc0021ade: intr_handler (..../threads/interrupt.c:367)
0xc0021c0f: intr_entry (threads/intr-stubs.S:38)
In tests/vm/mmap-close:
0x0804a2b7: mmap (...../lib/user/syscall.c:147)
0x080480f6: test_main (.../tests/vm/mmap-close.c:19)
0x080487bd: main (...ild/../../tests/main.c:13)
0x080487ef: _start (.../../../lib/user/entry.c:9)
Translations of user virtual addresses above are based on a guess at
the binary to use.  If this guess is incorrect, then those
translations will be misleading.
/lusr/opt/gcc-4.2.4/bin/gcc -m32 -c ../../tests/vm/mmap-unmap.c -o tests/vm/mmap-unmap.o -g -msoft-float -O -fno-stack-protector -nostdinc -I../.. -I../../lib -I../../lib/user -I. -Wall -W -Wstrict-prototypes -Wmissing-prototypes -Wsystem-headers  -MMD -MF tests/vm/mmap-unmap.d
/lusr/opt/gcc-4.2.4/bin/gcc -m32  -Wl,--build-id=none -nostdlib -static -Wl,-T,../../lib/user/user.lds tests/vm/mmap-unmap.o tests/lib.o tests/main.o lib/user/entry.o libc.a -o tests/vm/mmap-unmap
pintos -v -k -T 60 --qemu  --filesys-size=2 -p tests/vm/mmap-unmap -a mmap-unmap -p ../../tests/vm/sample.txt -a sample.txt --swap-size=4 -- -q  -f run mmap-unmap < /dev/null 2> tests/vm/mmap-unmap.errors > tests/vm/mmap-unmap.output
perl -I../.. ../../tests/vm/mmap-unmap.ck tests/vm/mmap-unmap tests/vm/mmap-unmap.result
FAIL tests/vm/mmap-unmap
Kernel panic in run: PANIC at ../../userprog/syscall.c:133 in syscall_handler(): assertion `0&&"NOT A SYSTEM CALL"' failed.
Call stack: 0xc00286a2 0xc002be8a 0xc0021ade 0xc0021c0f 0x804a267 0x80480ee 0x804876d 0x804879f
Translation of call stack:
In kernel.o:
0xc00286a2: debug_panic (.../../lib/kernel/debug.c:38)
0xc002be8a: syscall_handler (...../userprog/syscall.c:133)
0xc0021ade: intr_handler (..../threads/interrupt.c:367)
0xc0021c0f: intr_entry (threads/intr-stubs.S:38)
In tests/vm/mmap-unmap:
0x0804a267: mmap (...../lib/user/syscall.c:147)
0x080480ee: test_main (.../tests/vm/mmap-unmap.c:18)
0x0804876d: main (...ild/../../tests/main.c:13)
0x0804879f: _start (.../../../lib/user/entry.c:9)
Translations of user virtual addresses above are based on a guess at
the binary to use.  If this guess is incorrect, then those
translations will be misleading.
/lusr/opt/gcc-4.2.4/bin/gcc -m32 -c ../../tests/vm/mmap-overlap.c -o tests/vm/mmap-overlap.o -g -msoft-float -O -fno-stack-protector -nostdinc -I../.. -I../../lib -I../../lib/user -I. -Wall -W -Wstrict-prototypes -Wmissing-prototypes -Wsystem-headers  -MMD -MF tests/vm/mmap-overlap.d
/lusr/opt/gcc-4.2.4/bin/gcc -m32  -Wl,--build-id=none -nostdlib -static -Wl,-T,../../lib/user/user.lds tests/vm/mmap-overlap.o tests/lib.o tests/main.o lib/user/entry.o libc.a -o tests/vm/mmap-overlap
dd if=/dev/zero of=tests/vm/zeros bs=1024 count=6
6+0 records in
6+0 records out
6144 bytes (6.1 kB) copied, 0.00416071 s, 1.5 MB/s
pintos -v -k -T 60 --qemu  --filesys-size=2 -p tests/vm/mmap-overlap -a mmap-overlap -p tests/vm/zeros -a zeros --swap-size=4 -- -q  -f run mmap-overlap < /dev/null 2> tests/vm/mmap-overlap.errors > tests/vm/mmap-overlap.output
perl -I../.. ../../tests/vm/mmap-overlap.ck tests/vm/mmap-overlap tests/vm/mmap-overlap.result
FAIL tests/vm/mmap-overlap
Kernel panic in run: PANIC at ../../userprog/syscall.c:133 in syscall_handler(): assertion `0&&"NOT A SYSTEM CALL"' failed.
Call stack: 0xc00286a2 0xc002be8a 0xc0021ade 0xc0021c0f 0x804a2b7 0x80480ef 0x80487bd 0x80487ef
Translation of call stack:
In kernel.o:
0xc00286a2: debug_panic (.../../lib/kernel/debug.c:38)
0xc002be8a: syscall_handler (...../userprog/syscall.c:133)
0xc0021ade: intr_handler (..../threads/interrupt.c:367)
0xc0021c0f: intr_entry (threads/intr-stubs.S:38)
In tests/vm/mmap-overlap:
0x0804a2b7: mmap (...../lib/user/syscall.c:147)
0x080480ef: test_main (...ests/vm/mmap-overlap.c:15)
0x080487bd: main (...ild/../../tests/main.c:13)
0x080487ef: _start (.../../../lib/user/entry.c:9)
Translations of user virtual addresses above are based on a guess at
the binary to use.  If this guess is incorrect, then those
translations will be misleading.
/lusr/opt/gcc-4.2.4/bin/gcc -m32 -c ../../tests/vm/mmap-twice.c -o tests/vm/mmap-twice.o -g -msoft-float -O -fno-stack-protector -nostdinc -I../.. -I../../lib -I../../lib/user -I. -Wall -W -Wstrict-prototypes -Wmissing-prototypes -Wsystem-headers  -MMD -MF tests/vm/mmap-twice.d
/lusr/opt/gcc-4.2.4/bin/gcc -m32  -Wl,--build-id=none -nostdlib -static -Wl,-T,../../lib/user/user.lds tests/vm/mmap-twice.o tests/lib.o tests/main.o lib/user/entry.o libc.a -o tests/vm/mmap-twice
pintos -v -k -T 60 --qemu  --filesys-size=2 -p tests/vm/mmap-twice -a mmap-twice -p ../../tests/vm/sample.txt -a sample.txt --swap-size=4 -- -q  -f run mmap-twice < /dev/null 2> tests/vm/mmap-twice.errors > tests/vm/mmap-twice.output
perl -I../.. ../../tests/vm/mmap-twice.ck tests/vm/mmap-twice tests/vm/mmap-twice.result
FAIL tests/vm/mmap-twice
Kernel panic in run: PANIC at ../../userprog/syscall.c:133 in syscall_handler(): assertion `0&&"NOT A SYSTEM CALL"' failed.
Call stack: 0xc00286a2 0xc002be8a 0xc0021ade 0xc0021c0f 0x804a2e7 0x8048113 0x80487ed 0x804881f
Translation of call stack:
In kernel.o:
0xc00286a2: debug_panic (.../../lib/kernel/debug.c:38)
0xc002be8a: syscall_handler (...../userprog/syscall.c:133)
0xc0021ade: intr_handler (..../threads/interrupt.c:367)
0xc0021c0f: intr_entry (threads/intr-stubs.S:38)
In tests/vm/mmap-twice:
0x0804a2e7: mmap (...../lib/user/syscall.c:147)
0x08048113: test_main (.../tests/vm/mmap-twice.c:21)
0x080487ed: main (...ild/../../tests/main.c:13)
0x0804881f: _start (.../../../lib/user/entry.c:9)
Translations of user virtual addresses above are based on a guess at
the binary to use.  If this guess is incorrect, then those
translations will be misleading.
/lusr/opt/gcc-4.2.4/bin/gcc -m32 -c ../../tests/vm/mmap-write.c -o tests/vm/mmap-write.o -g -msoft-float -O -fno-stack-protector -nostdinc -I../.. -I../../lib -I../../lib/user -I. -Wall -W -Wstrict-prototypes -Wmissing-prototypes -Wsystem-headers  -MMD -MF tests/vm/mmap-write.d
/lusr/opt/gcc-4.2.4/bin/gcc -m32  -Wl,--build-id=none -nostdlib -static -Wl,-T,../../lib/user/user.lds tests/vm/mmap-write.o tests/lib.o tests/main.o lib/user/entry.o libc.a -o tests/vm/mmap-write
pintos -v -k -T 60 --qemu  --filesys-size=2 -p tests/vm/mmap-write -a mmap-write --swap-size=4 -- -q  -f run mmap-write < /dev/null 2> tests/vm/mmap-write.errors > tests/vm/mmap-write.output
perl -I../.. ../../tests/vm/mmap-write.ck tests/vm/mmap-write tests/vm/mmap-write.result
FAIL tests/vm/mmap-write
Kernel panic in run: PANIC at ../../userprog/syscall.c:133 in syscall_handler(): assertion `0&&"NOT A SYSTEM CALL"' failed.
Call stack: 0xc00286a2 0xc002be8a 0xc0021ade 0xc0021c0f 0x804a367 0x8048140 0x804886d 0x804889f
Translation of call stack:
In kernel.o:
0xc00286a2: debug_panic (.../../lib/kernel/debug.c:38)
0xc002be8a: syscall_handler (...../userprog/syscall.c:133)
0xc0021ade: intr_handler (..../threads/interrupt.c:367)
0xc0021c0f: intr_entry (threads/intr-stubs.S:38)
In tests/vm/mmap-write:
0x0804a367: mmap (...../lib/user/syscall.c:147)
0x08048140: test_main (.../tests/vm/mmap-write.c:23)
0x0804886d: main (...ild/../../tests/main.c:13)
0x0804889f: _start (.../../../lib/user/entry.c:9)
Translations of user virtual addresses above are based on a guess at
the binary to use.  If this guess is incorrect, then those
translations will be misleading.
/lusr/opt/gcc-4.2.4/bin/gcc -m32 -c ../../tests/vm/mmap-exit.c -o tests/vm/mmap-exit.o -g -msoft-float -O -fno-stack-protector -nostdinc -I../.. -I../../lib -I../../lib/user -I. -Wall -W -Wstrict-prototypes -Wmissing-prototypes -Wsystem-headers  -MMD -MF tests/vm/mmap-exit.d
/lusr/opt/gcc-4.2.4/bin/gcc -m32  -Wl,--build-id=none -nostdlib -static -Wl,-T,../../lib/user/user.lds tests/vm/mmap-exit.o tests/lib.o tests/main.o lib/user/entry.o libc.a -o tests/vm/mmap-exit
/lusr/opt/gcc-4.2.4/bin/gcc -m32 -c ../../tests/vm/child-mm-wrt.c -o tests/vm/child-mm-wrt.o -g -msoft-float -O -fno-stack-protector -nostdinc -I../.. -I../../lib -I../../lib/user -I. -Wall -W -Wstrict-prototypes -Wmissing-prototypes -Wsystem-headers  -MMD -MF tests/vm/child-mm-wrt.d
/lusr/opt/gcc-4.2.4/bin/gcc -m32  -Wl,--build-id=none -nostdlib -static -Wl,-T,../../lib/user/user.lds tests/vm/child-mm-wrt.o tests/lib.o tests/main.o lib/user/entry.o libc.a -o tests/vm/child-mm-wrt
pintos -v -k -T 60 --qemu  --filesys-size=2 -p tests/vm/mmap-exit -a mmap-exit -p tests/vm/child-mm-wrt -a child-mm-wrt --swap-size=4 -- -q  -f run mmap-exit < /dev/null 2> tests/vm/mmap-exit.errors > tests/vm/mmap-exit.output
perl -I../.. ../../tests/vm/mmap-exit.ck tests/vm/mmap-exit tests/vm/mmap-exit.result
FAIL tests/vm/mmap-exit
Kernel panic in run: PANIC at ../../userprog/syscall.c:133 in syscall_handler(): assertion `0&&"NOT A SYSTEM CALL"' failed.
Call stack: 0xc00286a2 0xc002be8a 0xc0021ade 0xc0021c0f 0x804a2a7 0x804811e 0x80487ad 0x80487df
Translation of call stack:
In kernel.o:
0xc00286a2: debug_panic (.../../lib/kernel/debug.c:38)
0xc002be8a: syscall_handler (...../userprog/syscall.c:133)
0xc0021ade: intr_handler (..../threads/interrupt.c:367)
0xc0021c0f: intr_entry (threads/intr-stubs.S:38)
In tests/vm/mmap-exit:
0x0804a2a7: mkdir (...../lib/user/syscall.c:165)
0x0804811e: test_main (..../tests/vm/mmap-exit.c:21)
0x080487ad: _start (.../../../lib/user/entry.c:9)
0x080487df: random_init (...ild/../../lib/random.c:44)
Translations of user virtual addresses above are based on a guess at
the binary to use.  If this guess is incorrect, then those
translations will be misleading.
/lusr/opt/gcc-4.2.4/bin/gcc -m32 -c ../../tests/vm/mmap-shuffle.c -o tests/vm/mmap-shuffle.o -g -msoft-float -O -fno-stack-protector -nostdinc -I../.. -I../../lib -I../../lib/user -I. -Wall -W -Wstrict-prototypes -Wmissing-prototypes -Wsystem-headers  -MMD -MF tests/vm/mmap-shuffle.d
/lusr/opt/gcc-4.2.4/bin/gcc -m32  -Wl,--build-id=none -nostdlib -static -Wl,-T,../../lib/user/user.lds tests/vm/mmap-shuffle.o tests/arc4.o tests/cksum.o tests/lib.o tests/main.o lib/user/entry.o libc.a -o tests/vm/mmap-shuffle
pintos -v -k -T 300 --qemu  --filesys-size=2 -p tests/vm/mmap-shuffle -a mmap-shuffle --swap-size=4 -- -q  -f run mmap-shuffle < /dev/null 2> tests/vm/mmap-shuffle.errors > tests/vm/mmap-shuffle.output
perl -I../.. ../../tests/vm/mmap-shuffle.ck tests/vm/mmap-shuffle tests/vm/mmap-shuffle.result
FAIL tests/vm/mmap-shuffle
Kernel panic in run: PANIC at ../../userprog/syscall.c:133 in syscall_handler(): assertion `0&&"NOT A SYSTEM CALL"' failed.
Call stack: 0xc00286a2 0xc002be8a 0xc0021ade 0xc0021c0f 0x804a487 0x8048121 0x804898d 0x80489bf
Translation of call stack:
In kernel.o:
0xc00286a2: debug_panic (.../../lib/kernel/debug.c:38)
0xc002be8a: syscall_handler (...../userprog/syscall.c:133)
0xc0021ade: intr_handler (..../threads/interrupt.c:367)
0xc0021c0f: intr_entry (threads/intr-stubs.S:38)
In tests/vm/mmap-shuffle:
0x0804a487: mmap (...../lib/user/syscall.c:147)
0x08048121: test_main (...ests/vm/mmap-shuffle.c:25)
0x0804898d: main (...ild/../../tests/main.c:13)
0x080489bf: _start (.../../../lib/user/entry.c:9)
Translations of user virtual addresses above are based on a guess at
the binary to use.  If this guess is incorrect, then those
translations will be misleading.
/lusr/opt/gcc-4.2.4/bin/gcc -m32 -c ../../tests/vm/mmap-bad-fd.c -o tests/vm/mmap-bad-fd.o -g -msoft-float -O -fno-stack-protector -nostdinc -I../.. -I../../lib -I../../lib/user -I. -Wall -W -Wstrict-prototypes -Wmissing-prototypes -Wsystem-headers  -MMD -MF tests/vm/mmap-bad-fd.d
/lusr/opt/gcc-4.2.4/bin/gcc -m32  -Wl,--build-id=none -nostdlib -static -Wl,-T,../../lib/user/user.lds tests/vm/mmap-bad-fd.o tests/lib.o tests/main.o lib/user/entry.o libc.a -o tests/vm/mmap-bad-fd
pintos -v -k -T 60 --qemu  --filesys-size=2 -p tests/vm/mmap-bad-fd -a mmap-bad-fd --swap-size=4 -- -q  -f run mmap-bad-fd < /dev/null 2> tests/vm/mmap-bad-fd.errors > tests/vm/mmap-bad-fd.output
perl -I../.. ../../tests/vm/mmap-bad-fd.ck tests/vm/mmap-bad-fd tests/vm/mmap-bad-fd.result
FAIL tests/vm/mmap-bad-fd
Kernel panic in run: PANIC at ../../userprog/syscall.c:133 in syscall_handler(): assertion `0&&"NOT A SYSTEM CALL"' failed.
Call stack: 0xc00286a2 0xc002be8a 0xc0021ade 0xc0021c0f 0x804a227 0x80480c6 0x804872d 0x804875f
Translation of call stack:
In kernel.o:
0xc00286a2: debug_panic (.../../lib/kernel/debug.c:38)
0xc002be8a: syscall_handler (...../userprog/syscall.c:133)
0xc0021ade: intr_handler (..../threads/interrupt.c:367)
0xc0021c0f: intr_entry (threads/intr-stubs.S:38)
In tests/vm/mmap-bad-fd:
0x0804a227: mmap (...../lib/user/syscall.c:147)
0x080480c6: test_main (...tests/vm/mmap-bad-fd.c:12)
0x0804872d: main (...ild/../../tests/main.c:13)
0x0804875f: _start (.../../../lib/user/entry.c:9)
Translations of user virtual addresses above are based on a guess at
the binary to use.  If this guess is incorrect, then those
translations will be misleading.
/lusr/opt/gcc-4.2.4/bin/gcc -m32 -c ../../tests/vm/mmap-clean.c -o tests/vm/mmap-clean.o -g -msoft-float -O -fno-stack-protector -nostdinc -I../.. -I../../lib -I../../lib/user -I. -Wall -W -Wstrict-prototypes -Wmissing-prototypes -Wsystem-headers  -MMD -MF tests/vm/mmap-clean.d
/lusr/opt/gcc-4.2.4/bin/gcc -m32  -Wl,--build-id=none -nostdlib -static -Wl,-T,../../lib/user/user.lds tests/vm/mmap-clean.o tests/lib.o tests/main.o lib/user/entry.o libc.a -o tests/vm/mmap-clean
pintos -v -k -T 60 --qemu  --filesys-size=2 -p tests/vm/mmap-clean -a mmap-clean -p ../../tests/vm/sample.txt -a sample.txt --swap-size=4 -- -q  -f run mmap-clean < /dev/null 2> tests/vm/mmap-clean.errors > tests/vm/mmap-clean.output
perl -I../.. ../../tests/vm/mmap-clean.ck tests/vm/mmap-clean tests/vm/mmap-clean.result
FAIL tests/vm/mmap-clean
Kernel panic in run: PANIC at ../../userprog/syscall.c:133 in syscall_handler(): assertion `0&&"NOT A SYSTEM CALL"' failed.
Call stack: 0xc00286a2 0xc002be8a 0xc0021ade 0xc0021c0f 0x804a3d7 0x80480f4 0x80488dd 0x804890f
Translation of call stack:
In kernel.o:
0xc00286a2: debug_panic (.../../lib/kernel/debug.c:38)
0xc002be8a: syscall_handler (...../userprog/syscall.c:133)
0xc0021ade: intr_handler (..../threads/interrupt.c:367)
0xc0021c0f: intr_entry (threads/intr-stubs.S:38)
In tests/vm/mmap-clean:
0x0804a3d7: mmap (...../lib/user/syscall.c:147)
0x080480f4: test_main (.../tests/vm/mmap-clean.c:21)
0x080488dd: main (...ild/../../tests/main.c:13)
0x0804890f: _start (.../../../lib/user/entry.c:9)
Translations of user virtual addresses above are based on a guess at
the binary to use.  If this guess is incorrect, then those
translations will be misleading.
/lusr/opt/gcc-4.2.4/bin/gcc -m32 -c ../../tests/vm/mmap-inherit.c -o tests/vm/mmap-inherit.o -g -msoft-float -O -fno-stack-protector -nostdinc -I../.. -I../../lib -I../../lib/user -I. -Wall -W -Wstrict-prototypes -Wmissing-prototypes -Wsystem-headers  -MMD -MF tests/vm/mmap-inherit.d
/lusr/opt/gcc-4.2.4/bin/gcc -m32  -Wl,--build-id=none -nostdlib -static -Wl,-T,../../lib/user/user.lds tests/vm/mmap-inherit.o tests/lib.o tests/main.o lib/user/entry.o libc.a -o tests/vm/mmap-inherit
/lusr/opt/gcc-4.2.4/bin/gcc -m32 -c ../../tests/vm/child-inherit.c -o tests/vm/child-inherit.o -g -msoft-float -O -fno-stack-protector -nostdinc -I../.. -I../../lib -I../../lib/user -I. -Wall -W -Wstrict-prototypes -Wmissing-prototypes -Wsystem-headers  -MMD -MF tests/vm/child-inherit.d
/lusr/opt/gcc-4.2.4/bin/gcc -m32  -Wl,--build-id=none -nostdlib -static -Wl,-T,../../lib/user/user.lds tests/vm/child-inherit.o tests/lib.o tests/main.o lib/user/entry.o libc.a -o tests/vm/child-inherit
pintos -v -k -T 60 --qemu  --filesys-size=2 -p tests/vm/mmap-inherit -a mmap-inherit -p ../../tests/vm/sample.txt -a sample.txt -p tests/vm/child-inherit -a child-inherit --swap-size=4 -- -q  -f run mmap-inherit < /dev/null 2> tests/vm/mmap-inherit.errors > tests/vm/mmap-inherit.output
perl -I../.. ../../tests/vm/mmap-inherit.ck tests/vm/mmap-inherit tests/vm/mmap-inherit.result
FAIL tests/vm/mmap-inherit
Kernel panic in run: PANIC at ../../userprog/syscall.c:133 in syscall_handler(): assertion `0&&"NOT A SYSTEM CALL"' failed.
Call stack: 0xc00286a2 0xc002be8a 0xc0021ade 0xc0021c0f 0x804a337 0x80480f0 0x804883d 0x804886f
Translation of call stack:
In kernel.o:
0xc00286a2: debug_panic (.../../lib/kernel/debug.c:38)
0xc002be8a: syscall_handler (...../userprog/syscall.c:133)
0xc0021ade: intr_handler (..../threads/interrupt.c:367)
0xc0021c0f: intr_entry (threads/intr-stubs.S:38)
In tests/vm/mmap-inherit:
0x0804a337: mmap (...../lib/user/syscall.c:147)
0x080480f0: test_main (...ests/vm/mmap-inherit.c:19)
0x0804883d: main (...ild/../../tests/main.c:13)
0x0804886f: _start (.../../../lib/user/entry.c:9)
Translations of user virtual addresses above are based on a guess at
the binary to use.  If this guess is incorrect, then those
translations will be misleading.
/lusr/opt/gcc-4.2.4/bin/gcc -m32 -c ../../tests/vm/mmap-misalign.c -o tests/vm/mmap-misalign.o -g -msoft-float -O -fno-stack-protector -nostdinc -I../.. -I../../lib -I../../lib/user -I. -Wall -W -Wstrict-prototypes -Wmissing-prototypes -Wsystem-headers  -MMD -MF tests/vm/mmap-misalign.d
/lusr/opt/gcc-4.2.4/bin/gcc -m32  -Wl,--build-id=none -nostdlib -static -Wl,-T,../../lib/user/user.lds tests/vm/mmap-misalign.o tests/lib.o tests/main.o lib/user/entry.o libc.a -o tests/vm/mmap-misalign
pintos -v -k -T 60 --qemu  --filesys-size=2 -p tests/vm/mmap-misalign -a mmap-misalign -p ../../tests/vm/sample.txt -a sample.txt --swap-size=4 -- -q  -f run mmap-misalign < /dev/null 2> tests/vm/mmap-misalign.errors > tests/vm/mmap-misalign.output
perl -I../.. ../../tests/vm/mmap-misalign.ck tests/vm/mmap-misalign tests/vm/mmap-misalign.result
FAIL tests/vm/mmap-misalign
Kernel panic in run: PANIC at ../../userprog/syscall.c:133 in syscall_handler(): assertion `0&&"NOT A SYSTEM CALL"' failed.
Call stack: 0xc00286a2 0xc002be8a 0xc0021ade 0xc0021c0f 0x804a257 0x80480ee 0x804875d 0x804878f
Translation of call stack:
In kernel.o:
0xc00286a2: debug_panic (.../../lib/kernel/debug.c:38)
0xc002be8a: syscall_handler (...../userprog/syscall.c:133)
0xc0021ade: intr_handler (..../threads/interrupt.c:367)
0xc0021c0f: intr_entry (threads/intr-stubs.S:38)
In tests/vm/mmap-misalign:
0x0804a257: mmap (...../lib/user/syscall.c:147)
0x080480ee: test_main (...sts/vm/mmap-misalign.c:13)
0x0804875d: main (...ild/../../tests/main.c:13)
0x0804878f: _start (.../../../lib/user/entry.c:9)
Translations of user virtual addresses above are based on a guess at
the binary to use.  If this guess is incorrect, then those
translations will be misleading.
/lusr/opt/gcc-4.2.4/bin/gcc -m32 -c ../../tests/vm/mmap-null.c -o tests/vm/mmap-null.o -g -msoft-float -O -fno-stack-protector -nostdinc -I../.. -I../../lib -I../../lib/user -I. -Wall -W -Wstrict-prototypes -Wmissing-prototypes -Wsystem-headers  -MMD -MF tests/vm/mmap-null.d
/lusr/opt/gcc-4.2.4/bin/gcc -m32  -Wl,--build-id=none -nostdlib -static -Wl,-T,../../lib/user/user.lds tests/vm/mmap-null.o tests/lib.o tests/main.o lib/user/entry.o libc.a -o tests/vm/mmap-null
pintos -v -k -T 60 --qemu  --filesys-size=2 -p tests/vm/mmap-null -a mmap-null -p ../../tests/vm/sample.txt -a sample.txt --swap-size=4 -- -q  -f run mmap-null < /dev/null 2> tests/vm/mmap-null.errors > tests/vm/mmap-null.output
perl -I../.. ../../tests/vm/mmap-null.ck tests/vm/mmap-null tests/vm/mmap-null.result
FAIL tests/vm/mmap-null
Kernel panic in run: PANIC at ../../userprog/syscall.c:133 in syscall_handler(): assertion `0&&"NOT A SYSTEM CALL"' failed.
Call stack: 0xc00286a2 0xc002be8a 0xc0021ade 0xc0021c0f 0x804a257 0x80480ee 0x804875d 0x804878f
Translation of call stack:
In kernel.o:
0xc00286a2: debug_panic (.../../lib/kernel/debug.c:38)
0xc002be8a: syscall_handler (...../userprog/syscall.c:133)
0xc0021ade: intr_handler (..../threads/interrupt.c:367)
0xc0021c0f: intr_entry (threads/intr-stubs.S:38)
In tests/vm/mmap-null:
0x0804a257: mmap (...../lib/user/syscall.c:147)
0x080480ee: test_main (..../tests/vm/mmap-null.c:13)
0x0804875d: main (...ild/../../tests/main.c:13)
0x0804878f: _start (.../../../lib/user/entry.c:9)
Translations of user virtual addresses above are based on a guess at
the binary to use.  If this guess is incorrect, then those
translations will be misleading.
/lusr/opt/gcc-4.2.4/bin/gcc -m32 -c ../../tests/vm/mmap-over-code.c -o tests/vm/mmap-over-code.o -g -msoft-float -O -fno-stack-protector -nostdinc -I../.. -I../../lib -I../../lib/user -I. -Wall -W -Wstrict-prototypes -Wmissing-prototypes -Wsystem-headers  -MMD -MF tests/vm/mmap-over-code.d
/lusr/opt/gcc-4.2.4/bin/gcc -m32  -Wl,--build-id=none -nostdlib -static -Wl,-T,../../lib/user/user.lds tests/vm/mmap-over-code.o tests/lib.o tests/main.o lib/user/entry.o libc.a -o tests/vm/mmap-over-code
pintos -v -k -T 60 --qemu  --filesys-size=2 -p tests/vm/mmap-over-code -a mmap-over-code -p ../../tests/vm/sample.txt -a sample.txt --swap-size=4 -- -q  -f run mmap-over-code < /dev/null 2> tests/vm/mmap-over-code.errors > tests/vm/mmap-over-code.output
perl -I../.. ../../tests/vm/mmap-over-code.ck tests/vm/mmap-over-code tests/vm/mmap-over-code.result
FAIL tests/vm/mmap-over-code
Kernel panic in run: PANIC at ../../userprog/syscall.c:133 in syscall_handler(): assertion `0&&"NOT A SYSTEM CALL"' failed.
Call stack: 0xc00286a2 0xc002be8a 0xc0021ade 0xc0021c0f 0x804a257 0x80480f4 0x804875d 0x804878f
Translation of call stack:
In kernel.o:
0xc00286a2: debug_panic (.../../lib/kernel/debug.c:38)
0xc002be8a: syscall_handler (...../userprog/syscall.c:133)
0xc0021ade: intr_handler (..../threads/interrupt.c:367)
0xc0021c0f: intr_entry (threads/intr-stubs.S:38)
In tests/vm/mmap-over-code:
0x0804a257: mmap (...../lib/user/syscall.c:147)
0x080480f4: test_main (...ts/vm/mmap-over-code.c:16)
0x0804875d: main (...ild/../../tests/main.c:13)
0x0804878f: _start (.../../../lib/user/entry.c:9)
Translations of user virtual addresses above are based on a guess at
the binary to use.  If this guess is incorrect, then those
translations will be misleading.
/lusr/opt/gcc-4.2.4/bin/gcc -m32 -c ../../tests/vm/mmap-over-data.c -o tests/vm/mmap-over-data.o -g -msoft-float -O -fno-stack-protector -nostdinc -I../.. -I../../lib -I../../lib/user -I. -Wall -W -Wstrict-prototypes -Wmissing-prototypes -Wsystem-headers  -MMD -MF tests/vm/mmap-over-data.d
/lusr/opt/gcc-4.2.4/bin/gcc -m32  -Wl,--build-id=none -nostdlib -static -Wl,-T,../../lib/user/user.lds tests/vm/mmap-over-data.o tests/lib.o tests/main.o lib/user/entry.o libc.a -o tests/vm/mmap-over-data
pintos -v -k -T 60 --qemu  --filesys-size=2 -p tests/vm/mmap-over-data -a mmap-over-data -p ../../tests/vm/sample.txt -a sample.txt --swap-size=4 -- -q  -f run mmap-over-data < /dev/null 2> tests/vm/mmap-over-data.errors > tests/vm/mmap-over-data.output
perl -I../.. ../../tests/vm/mmap-over-data.ck tests/vm/mmap-over-data tests/vm/mmap-over-data.result
FAIL tests/vm/mmap-over-data
Kernel panic in run: PANIC at ../../userprog/syscall.c:133 in syscall_handler(): assertion `0&&"NOT A SYSTEM CALL"' failed.
Call stack: 0xc00286a2 0xc002be8a 0xc0021ade 0xc0021c0f 0x804a257 0x80480f4 0x804875d 0x804878f
Translation of call stack:
In kernel.o:
0xc00286a2: debug_panic (.../../lib/kernel/debug.c:38)
0xc002be8a: syscall_handler (...../userprog/syscall.c:133)
0xc0021ade: intr_handler (..../threads/interrupt.c:367)
0xc0021c0f: intr_entry (threads/intr-stubs.S:38)
In tests/vm/mmap-over-data:
0x0804a257: mmap (...../lib/user/syscall.c:147)
0x080480f4: test_main (...ts/vm/mmap-over-data.c:18)
0x0804875d: main (...ild/../../tests/main.c:13)
0x0804878f: _start (.../../../lib/user/entry.c:9)
Translations of user virtual addresses above are based on a guess at
the binary to use.  If this guess is incorrect, then those
translations will be misleading.
/lusr/opt/gcc-4.2.4/bin/gcc -m32 -c ../../tests/vm/mmap-over-stk.c -o tests/vm/mmap-over-stk.o -g -msoft-float -O -fno-stack-protector -nostdinc -I../.. -I../../lib -I../../lib/user -I. -Wall -W -Wstrict-prototypes -Wmissing-prototypes -Wsystem-headers  -MMD -MF tests/vm/mmap-over-stk.d
/lusr/opt/gcc-4.2.4/bin/gcc -m32  -Wl,--build-id=none -nostdlib -static -Wl,-T,../../lib/user/user.lds tests/vm/mmap-over-stk.o tests/lib.o tests/main.o lib/user/entry.o libc.a -o tests/vm/mmap-over-stk
pintos -v -k -T 60 --qemu  --filesys-size=2 -p tests/vm/mmap-over-stk -a mmap-over-stk -p ../../tests/vm/sample.txt -a sample.txt --swap-size=4 -- -q  -f run mmap-over-stk < /dev/null 2> tests/vm/mmap-over-stk.errors > tests/vm/mmap-over-stk.output
perl -I../.. ../../tests/vm/mmap-over-stk.ck tests/vm/mmap-over-stk tests/vm/mmap-over-stk.result
FAIL tests/vm/mmap-over-stk
Kernel panic in run: PANIC at ../../userprog/syscall.c:133 in syscall_handler(): assertion `0&&"NOT A SYSTEM CALL"' failed.
Call stack: 0xc00286a2 0xc002be8a 0xc0021ade 0xc0021c0f 0x804a257 0x80480f5 0x804875d 0x804878f
Translation of call stack:
In kernel.o:
0xc00286a2: debug_panic (.../../lib/kernel/debug.c:38)
0xc002be8a: syscall_handler (...../userprog/syscall.c:133)
0xc0021ade: intr_handler (..../threads/interrupt.c:367)
0xc0021c0f: intr_entry (threads/intr-stubs.S:38)
In tests/vm/mmap-over-stk:
0x0804a257: mmap (...../lib/user/syscall.c:147)
0x080480f5: test_main (...sts/vm/mmap-over-stk.c:16)
0x0804875d: main (...ild/../../tests/main.c:13)
0x0804878f: _start (.../../../lib/user/entry.c:9)
Translations of user virtual addresses above are based on a guess at
the binary to use.  If this guess is incorrect, then those
translations will be misleading.
/lusr/opt/gcc-4.2.4/bin/gcc -m32 -c ../../tests/vm/mmap-remove.c -o tests/vm/mmap-remove.o -g -msoft-float -O -fno-stack-protector -nostdinc -I../.. -I../../lib -I../../lib/user -I. -Wall -W -Wstrict-prototypes -Wmissing-prototypes -Wsystem-headers  -MMD -MF tests/vm/mmap-remove.d
/lusr/opt/gcc-4.2.4/bin/gcc -m32  -Wl,--build-id=none -nostdlib -static -Wl,-T,../../lib/user/user.lds tests/vm/mmap-remove.o tests/lib.o tests/main.o lib/user/entry.o libc.a -o tests/vm/mmap-remove
pintos -v -k -T 60 --qemu  --filesys-size=2 -p tests/vm/mmap-remove -a mmap-remove -p ../../tests/vm/sample.txt -a sample.txt --swap-size=4 -- -q  -f run mmap-remove < /dev/null 2> tests/vm/mmap-remove.errors > tests/vm/mmap-remove.output
perl -I../.. ../../tests/vm/mmap-remove.ck tests/vm/mmap-remove tests/vm/mmap-remove.result
FAIL tests/vm/mmap-remove
Kernel panic in run: PANIC at ../../userprog/syscall.c:133 in syscall_handler(): assertion `0&&"NOT A SYSTEM CALL"' failed.
Call stack: 0xc00286a2 0xc002be8a 0xc0021ade 0xc0021c0f 0x804a367 0x80480f0 0x804886d 0x804889f
Translation of call stack:
In kernel.o:
0xc00286a2: debug_panic (.../../lib/kernel/debug.c:38)
0xc002be8a: syscall_handler (...../userprog/syscall.c:133)
0xc0021ade: intr_handler (..../threads/interrupt.c:367)
0xc0021c0f: intr_entry (threads/intr-stubs.S:38)
In tests/vm/mmap-remove:
0x0804a367: mmap (...../lib/user/syscall.c:147)
0x080480f0: test_main (...tests/vm/mmap-remove.c:20)
0x0804886d: main (...ild/../../tests/main.c:13)
0x0804889f: _start (.../../../lib/user/entry.c:9)
Translations of user virtual addresses above are based on a guess at
the binary to use.  If this guess is incorrect, then those
translations will be misleading.
/lusr/opt/gcc-4.2.4/bin/gcc -m32 -c ../../tests/vm/mmap-zero.c -o tests/vm/mmap-zero.o -g -msoft-float -O -fno-stack-protector -nostdinc -I../.. -I../../lib -I../../lib/user -I. -Wall -W -Wstrict-prototypes -Wmissing-prototypes -Wsystem-headers  -MMD -MF tests/vm/mmap-zero.d
/lusr/opt/gcc-4.2.4/bin/gcc -m32  -Wl,--build-id=none -nostdlib -static -Wl,-T,../../lib/user/user.lds tests/vm/mmap-zero.o tests/lib.o tests/main.o lib/user/entry.o libc.a -o tests/vm/mmap-zero
pintos -v -k -T 60 --qemu  --filesys-size=2 -p tests/vm/mmap-zero -a mmap-zero --swap-size=4 -- -q  -f run mmap-zero < /dev/null 2> tests/vm/mmap-zero.errors > tests/vm/mmap-zero.output
perl -I../.. ../../tests/vm/mmap-zero.ck tests/vm/mmap-zero tests/vm/mmap-zero.result
FAIL tests/vm/mmap-zero
Kernel panic in run: PANIC at ../../userprog/syscall.c:133 in syscall_handler(): assertion `0&&"NOT A SYSTEM CALL"' failed.
Call stack: 0xc00286a2 0xc002be8a 0xc0021ade 0xc0021c0f 0x804a287 0x804811e 0x804878d 0x80487bf
Translation of call stack:
In kernel.o:
0xc00286a2: debug_panic (.../../lib/kernel/debug.c:38)
0xc002be8a: syscall_handler (...../userprog/syscall.c:133)
0xc0021ade: intr_handler (..../threads/interrupt.c:367)
0xc0021c0f: intr_entry (threads/intr-stubs.S:38)
In tests/vm/mmap-zero:
0x0804a287: mmap (...../lib/user/syscall.c:147)
0x0804811e: test_main (..../tests/vm/mmap-zero.c:25)
0x0804878d: main (...ild/../../tests/main.c:13)
0x080487bf: _start (.../../../lib/user/entry.c:9)
Translations of user virtual addresses above are based on a guess at
the binary to use.  If this guess is incorrect, then those
translations will be misleading.
/lusr/opt/gcc-4.2.4/bin/gcc -m32 -c ../../tests/filesys/base/lg-create.c -o tests/filesys/base/lg-create.o -g -msoft-float -O -fno-stack-protector -nostdinc -I../.. -I../../lib -I../../lib/user -I. -Wall -W -Wstrict-prototypes -Wmissing-prototypes -Wsystem-headers  -MMD -MF tests/filesys/base/lg-create.d
/lusr/opt/gcc-4.2.4/bin/gcc -m32 -c ../../tests/filesys/seq-test.c -o tests/filesys/seq-test.o -g -msoft-float -O -fno-stack-protector -nostdinc -I../.. -I../../lib -I../../lib/user -I. -Wall -W -Wstrict-prototypes -Wmissing-prototypes -Wsystem-headers  -MMD -MF tests/filesys/seq-test.d
/lusr/opt/gcc-4.2.4/bin/gcc -m32  -Wl,--build-id=none -nostdlib -static -Wl,-T,../../lib/user/user.lds tests/filesys/base/lg-create.o tests/lib.o tests/filesys/seq-test.o tests/main.o lib/user/entry.o libc.a -o tests/filesys/base/lg-create
pintos -v -k -T 60 --qemu  --filesys-size=2 -p tests/filesys/base/lg-create -a lg-create --swap-size=4 -- -q  -f run lg-create < /dev/null 2> tests/filesys/base/lg-create.errors > tests/filesys/base/lg-create.output
perl -I../.. ../../tests/filesys/base/lg-create.ck tests/filesys/base/lg-create tests/filesys/base/lg-create.result
pass tests/filesys/base/lg-create
/lusr/opt/gcc-4.2.4/bin/gcc -m32 -c ../../tests/filesys/base/lg-full.c -o tests/filesys/base/lg-full.o -g -msoft-float -O -fno-stack-protector -nostdinc -I../.. -I../../lib -I../../lib/user -I. -Wall -W -Wstrict-prototypes -Wmissing-prototypes -Wsystem-headers  -MMD -MF tests/filesys/base/lg-full.d
/lusr/opt/gcc-4.2.4/bin/gcc -m32  -Wl,--build-id=none -nostdlib -static -Wl,-T,../../lib/user/user.lds tests/filesys/base/lg-full.o tests/lib.o tests/filesys/seq-test.o tests/main.o lib/user/entry.o libc.a -o tests/filesys/base/lg-full
pintos -v -k -T 60 --qemu  --filesys-size=2 -p tests/filesys/base/lg-full -a lg-full --swap-size=4 -- -q  -f run lg-full < /dev/null 2> tests/filesys/base/lg-full.errors > tests/filesys/base/lg-full.output
perl -I../.. ../../tests/filesys/base/lg-full.ck tests/filesys/base/lg-full tests/filesys/base/lg-full.result
pass tests/filesys/base/lg-full
/lusr/opt/gcc-4.2.4/bin/gcc -m32 -c ../../tests/filesys/base/lg-random.c -o tests/filesys/base/lg-random.o -g -msoft-float -O -fno-stack-protector -nostdinc -I../.. -I../../lib -I../../lib/user -I. -Wall -W -Wstrict-prototypes -Wmissing-prototypes -Wsystem-headers  -MMD -MF tests/filesys/base/lg-random.d
/lusr/opt/gcc-4.2.4/bin/gcc -m32  -Wl,--build-id=none -nostdlib -static -Wl,-T,../../lib/user/user.lds tests/filesys/base/lg-random.o tests/lib.o tests/filesys/seq-test.o tests/main.o lib/user/entry.o libc.a -o tests/filesys/base/lg-random
pintos -v -k -T 60 --qemu  --filesys-size=2 -p tests/filesys/base/lg-random -a lg-random --swap-size=4 -- -q  -f run lg-random < /dev/null 2> tests/filesys/base/lg-random.errors > tests/filesys/base/lg-random.output
perl -I../.. ../../tests/filesys/base/lg-random.ck tests/filesys/base/lg-random tests/filesys/base/lg-random.result
pass tests/filesys/base/lg-random
/lusr/opt/gcc-4.2.4/bin/gcc -m32 -c ../../tests/filesys/base/lg-seq-block.c -o tests/filesys/base/lg-seq-block.o -g -msoft-float -O -fno-stack-protector -nostdinc -I../.. -I../../lib -I../../lib/user -I. -Wall -W -Wstrict-prototypes -Wmissing-prototypes -Wsystem-headers  -MMD -MF tests/filesys/base/lg-seq-block.d
/lusr/opt/gcc-4.2.4/bin/gcc -m32  -Wl,--build-id=none -nostdlib -static -Wl,-T,../../lib/user/user.lds tests/filesys/base/lg-seq-block.o tests/lib.o tests/filesys/seq-test.o tests/main.o lib/user/entry.o libc.a -o tests/filesys/base/lg-seq-block
pintos -v -k -T 60 --qemu  --filesys-size=2 -p tests/filesys/base/lg-seq-block -a lg-seq-block --swap-size=4 -- -q  -f run lg-seq-block < /dev/null 2> tests/filesys/base/lg-seq-block.errors > tests/filesys/base/lg-seq-block.output
perl -I../.. ../../tests/filesys/base/lg-seq-block.ck tests/filesys/base/lg-seq-block tests/filesys/base/lg-seq-block.result
pass tests/filesys/base/lg-seq-block
/lusr/opt/gcc-4.2.4/bin/gcc -m32 -c ../../tests/filesys/base/lg-seq-random.c -o tests/filesys/base/lg-seq-random.o -g -msoft-float -O -fno-stack-protector -nostdinc -I../.. -I../../lib -I../../lib/user -I. -Wall -W -Wstrict-prototypes -Wmissing-prototypes -Wsystem-headers  -MMD -MF tests/filesys/base/lg-seq-random.d
/lusr/opt/gcc-4.2.4/bin/gcc -m32  -Wl,--build-id=none -nostdlib -static -Wl,-T,../../lib/user/user.lds tests/filesys/base/lg-seq-random.o tests/lib.o tests/filesys/seq-test.o tests/main.o lib/user/entry.o libc.a -o tests/filesys/base/lg-seq-random
pintos -v -k -T 60 --qemu  --filesys-size=2 -p tests/filesys/base/lg-seq-random -a lg-seq-random --swap-size=4 -- -q  -f run lg-seq-random < /dev/null 2> tests/filesys/base/lg-seq-random.errors > tests/filesys/base/lg-seq-random.output
perl -I../.. ../../tests/filesys/base/lg-seq-random.ck tests/filesys/base/lg-seq-random tests/filesys/base/lg-seq-random.result
pass tests/filesys/base/lg-seq-random
/lusr/opt/gcc-4.2.4/bin/gcc -m32 -c ../../tests/filesys/base/sm-create.c -o tests/filesys/base/sm-create.o -g -msoft-float -O -fno-stack-protector -nostdinc -I../.. -I../../lib -I../../lib/user -I. -Wall -W -Wstrict-prototypes -Wmissing-prototypes -Wsystem-headers  -MMD -MF tests/filesys/base/sm-create.d
/lusr/opt/gcc-4.2.4/bin/gcc -m32  -Wl,--build-id=none -nostdlib -static -Wl,-T,../../lib/user/user.lds tests/filesys/base/sm-create.o tests/lib.o tests/filesys/seq-test.o tests/main.o lib/user/entry.o libc.a -o tests/filesys/base/sm-create
pintos -v -k -T 60 --qemu  --filesys-size=2 -p tests/filesys/base/sm-create -a sm-create --swap-size=4 -- -q  -f run sm-create < /dev/null 2> tests/filesys/base/sm-create.errors > tests/filesys/base/sm-create.output
perl -I../.. ../../tests/filesys/base/sm-create.ck tests/filesys/base/sm-create tests/filesys/base/sm-create.result
pass tests/filesys/base/sm-create
/lusr/opt/gcc-4.2.4/bin/gcc -m32 -c ../../tests/filesys/base/sm-full.c -o tests/filesys/base/sm-full.o -g -msoft-float -O -fno-stack-protector -nostdinc -I../.. -I../../lib -I../../lib/user -I. -Wall -W -Wstrict-prototypes -Wmissing-prototypes -Wsystem-headers  -MMD -MF tests/filesys/base/sm-full.d
/lusr/opt/gcc-4.2.4/bin/gcc -m32  -Wl,--build-id=none -nostdlib -static -Wl,-T,../../lib/user/user.lds tests/filesys/base/sm-full.o tests/lib.o tests/filesys/seq-test.o tests/main.o lib/user/entry.o libc.a -o tests/filesys/base/sm-full
pintos -v -k -T 60 --qemu  --filesys-size=2 -p tests/filesys/base/sm-full -a sm-full --swap-size=4 -- -q  -f run sm-full < /dev/null 2> tests/filesys/base/sm-full.errors > tests/filesys/base/sm-full.output
perl -I../.. ../../tests/filesys/base/sm-full.ck tests/filesys/base/sm-full tests/filesys/base/sm-full.result
pass tests/filesys/base/sm-full
/lusr/opt/gcc-4.2.4/bin/gcc -m32 -c ../../tests/filesys/base/sm-random.c -o tests/filesys/base/sm-random.o -g -msoft-float -O -fno-stack-protector -nostdinc -I../.. -I../../lib -I../../lib/user -I. -Wall -W -Wstrict-prototypes -Wmissing-prototypes -Wsystem-headers  -MMD -MF tests/filesys/base/sm-random.d
/lusr/opt/gcc-4.2.4/bin/gcc -m32  -Wl,--build-id=none -nostdlib -static -Wl,-T,../../lib/user/user.lds tests/filesys/base/sm-random.o tests/lib.o tests/filesys/seq-test.o tests/main.o lib/user/entry.o libc.a -o tests/filesys/base/sm-random
pintos -v -k -T 60 --qemu  --filesys-size=2 -p tests/filesys/base/sm-random -a sm-random --swap-size=4 -- -q  -f run sm-random < /dev/null 2> tests/filesys/base/sm-random.errors > tests/filesys/base/sm-random.output
perl -I../.. ../../tests/filesys/base/sm-random.ck tests/filesys/base/sm-random tests/filesys/base/sm-random.result
pass tests/filesys/base/sm-random
/lusr/opt/gcc-4.2.4/bin/gcc -m32 -c ../../tests/filesys/base/sm-seq-block.c -o tests/filesys/base/sm-seq-block.o -g -msoft-float -O -fno-stack-protector -nostdinc -I../.. -I../../lib -I../../lib/user -I. -Wall -W -Wstrict-prototypes -Wmissing-prototypes -Wsystem-headers  -MMD -MF tests/filesys/base/sm-seq-block.d
/lusr/opt/gcc-4.2.4/bin/gcc -m32  -Wl,--build-id=none -nostdlib -static -Wl,-T,../../lib/user/user.lds tests/filesys/base/sm-seq-block.o tests/lib.o tests/filesys/seq-test.o tests/main.o lib/user/entry.o libc.a -o tests/filesys/base/sm-seq-block
pintos -v -k -T 60 --qemu  --filesys-size=2 -p tests/filesys/base/sm-seq-block -a sm-seq-block --swap-size=4 -- -q  -f run sm-seq-block < /dev/null 2> tests/filesys/base/sm-seq-block.errors > tests/filesys/base/sm-seq-block.output
perl -I../.. ../../tests/filesys/base/sm-seq-block.ck tests/filesys/base/sm-seq-block tests/filesys/base/sm-seq-block.result
pass tests/filesys/base/sm-seq-block
/lusr/opt/gcc-4.2.4/bin/gcc -m32 -c ../../tests/filesys/base/sm-seq-random.c -o tests/filesys/base/sm-seq-random.o -g -msoft-float -O -fno-stack-protector -nostdinc -I../.. -I../../lib -I../../lib/user -I. -Wall -W -Wstrict-prototypes -Wmissing-prototypes -Wsystem-headers  -MMD -MF tests/filesys/base/sm-seq-random.d
/lusr/opt/gcc-4.2.4/bin/gcc -m32  -Wl,--build-id=none -nostdlib -static -Wl,-T,../../lib/user/user.lds tests/filesys/base/sm-seq-random.o tests/lib.o tests/filesys/seq-test.o tests/main.o lib/user/entry.o libc.a -o tests/filesys/base/sm-seq-random
pintos -v -k -T 60 --qemu  --filesys-size=2 -p tests/filesys/base/sm-seq-random -a sm-seq-random --swap-size=4 -- -q  -f run sm-seq-random < /dev/null 2> tests/filesys/base/sm-seq-random.errors > tests/filesys/base/sm-seq-random.output
perl -I../.. ../../tests/filesys/base/sm-seq-random.ck tests/filesys/base/sm-seq-random tests/filesys/base/sm-seq-random.result
pass tests/filesys/base/sm-seq-random
/lusr/opt/gcc-4.2.4/bin/gcc -m32 -c ../../tests/filesys/base/syn-read.c -o tests/filesys/base/syn-read.o -g -msoft-float -O -fno-stack-protector -nostdinc -I../.. -I../../lib -I../../lib/user -I. -Wall -W -Wstrict-prototypes -Wmissing-prototypes -Wsystem-headers  -MMD -MF tests/filesys/base/syn-read.d
/lusr/opt/gcc-4.2.4/bin/gcc -m32  -Wl,--build-id=none -nostdlib -static -Wl,-T,../../lib/user/user.lds tests/filesys/base/syn-read.o tests/lib.o tests/filesys/seq-test.o tests/main.o lib/user/entry.o libc.a -o tests/filesys/base/syn-read
/lusr/opt/gcc-4.2.4/bin/gcc -m32 -c ../../tests/filesys/base/child-syn-read.c -o tests/filesys/base/child-syn-read.o -g -msoft-float -O -fno-stack-protector -nostdinc -I../.. -I../../lib -I../../lib/user -I. -Wall -W -Wstrict-prototypes -Wmissing-prototypes -Wsystem-headers  -MMD -MF tests/filesys/base/child-syn-read.d
/lusr/opt/gcc-4.2.4/bin/gcc -m32  -Wl,--build-id=none -nostdlib -static -Wl,-T,../../lib/user/user.lds tests/filesys/base/child-syn-read.o tests/lib.o tests/filesys/seq-test.o lib/user/entry.o libc.a -o tests/filesys/base/child-syn-read
pintos -v -k -T 300 --qemu  --filesys-size=2 -p tests/filesys/base/syn-read -a syn-read -p tests/filesys/base/child-syn-read -a child-syn-read --swap-size=4 -- -q  -f run syn-read < /dev/null 2> tests/filesys/base/syn-read.errors > tests/filesys/base/syn-read.output
perl -I../.. ../../tests/filesys/base/syn-read.ck tests/filesys/base/syn-read tests/filesys/base/syn-read.result
pass tests/filesys/base/syn-read
/lusr/opt/gcc-4.2.4/bin/gcc -m32 -c ../../tests/filesys/base/syn-remove.c -o tests/filesys/base/syn-remove.o -g -msoft-float -O -fno-stack-protector -nostdinc -I../.. -I../../lib -I../../lib/user -I. -Wall -W -Wstrict-prototypes -Wmissing-prototypes -Wsystem-headers  -MMD -MF tests/filesys/base/syn-remove.d
/lusr/opt/gcc-4.2.4/bin/gcc -m32  -Wl,--build-id=none -nostdlib -static -Wl,-T,../../lib/user/user.lds tests/filesys/base/syn-remove.o tests/lib.o tests/filesys/seq-test.o tests/main.o lib/user/entry.o libc.a -o tests/filesys/base/syn-remove
pintos -v -k -T 60 --qemu  --filesys-size=2 -p tests/filesys/base/syn-remove -a syn-remove --swap-size=4 -- -q  -f run syn-remove < /dev/null 2> tests/filesys/base/syn-remove.errors > tests/filesys/base/syn-remove.output
perl -I../.. ../../tests/filesys/base/syn-remove.ck tests/filesys/base/syn-remove tests/filesys/base/syn-remove.result
pass tests/filesys/base/syn-remove
/lusr/opt/gcc-4.2.4/bin/gcc -m32 -c ../../tests/filesys/base/syn-write.c -o tests/filesys/base/syn-write.o -g -msoft-float -O -fno-stack-protector -nostdinc -I../.. -I../../lib -I../../lib/user -I. -Wall -W -Wstrict-prototypes -Wmissing-prototypes -Wsystem-headers  -MMD -MF tests/filesys/base/syn-write.d
/lusr/opt/gcc-4.2.4/bin/gcc -m32  -Wl,--build-id=none -nostdlib -static -Wl,-T,../../lib/user/user.lds tests/filesys/base/syn-write.o tests/lib.o tests/filesys/seq-test.o tests/main.o lib/user/entry.o libc.a -o tests/filesys/base/syn-write
/lusr/opt/gcc-4.2.4/bin/gcc -m32 -c ../../tests/filesys/base/child-syn-wrt.c -o tests/filesys/base/child-syn-wrt.o -g -msoft-float -O -fno-stack-protector -nostdinc -I../.. -I../../lib -I../../lib/user -I. -Wall -W -Wstrict-prototypes -Wmissing-prototypes -Wsystem-headers  -MMD -MF tests/filesys/base/child-syn-wrt.d
/lusr/opt/gcc-4.2.4/bin/gcc -m32  -Wl,--build-id=none -nostdlib -static -Wl,-T,../../lib/user/user.lds tests/filesys/base/child-syn-wrt.o tests/lib.o tests/filesys/seq-test.o lib/user/entry.o libc.a -o tests/filesys/base/child-syn-wrt
pintos -v -k -T 60 --qemu  --filesys-size=2 -p tests/filesys/base/syn-write -a syn-write -p tests/filesys/base/child-syn-wrt -a child-syn-wrt --swap-size=4 -- -q  -f run syn-write < /dev/null 2> tests/filesys/base/syn-write.errors > tests/filesys/base/syn-write.output
perl -I../.. ../../tests/filesys/base/syn-write.ck tests/filesys/base/syn-write tests/filesys/base/syn-write.result
FAIL tests/filesys/base/syn-write
Test output failed to match any acceptable form.

Acceptable output:
  (syn-write) begin
  (syn-write) create "stuff"
  (syn-write) exec child 1 of 10: "child-syn-wrt 0"
  (syn-write) exec child 2 of 10: "child-syn-wrt 1"
  (syn-write) exec child 3 of 10: "child-syn-wrt 2"
  (syn-write) exec child 4 of 10: "child-syn-wrt 3"
  (syn-write) exec child 5 of 10: "child-syn-wrt 4"
  (syn-write) exec child 6 of 10: "child-syn-wrt 5"
  (syn-write) exec child 7 of 10: "child-syn-wrt 6"
  (syn-write) exec child 8 of 10: "child-syn-wrt 7"
  (syn-write) exec child 9 of 10: "child-syn-wrt 8"
  (syn-write) exec child 10 of 10: "child-syn-wrt 9"
  (syn-write) wait for child 1 of 10 returned 0 (expected 0)
  (syn-write) wait for child 2 of 10 returned 1 (expected 1)
  (syn-write) wait for child 3 of 10 returned 2 (expected 2)
  (syn-write) wait for child 4 of 10 returned 3 (expected 3)
  (syn-write) wait for child 5 of 10 returned 4 (expected 4)
  (syn-write) wait for child 6 of 10 returned 5 (expected 5)
  (syn-write) wait for child 7 of 10 returned 6 (expected 6)
  (syn-write) wait for child 8 of 10 returned 7 (expected 7)
  (syn-write) wait for child 9 of 10 returned 8 (expected 8)
  (syn-write) wait for child 10 of 10 returned 9 (expected 9)
  (syn-write) open "stuff"
  (syn-write) read "stuff"
  (syn-write) end
Differences in `diff -u' format:
  (syn-write) begin
  (syn-write) create "stuff"
  (syn-write) exec child 1 of 10: "child-syn-wrt 0"
  (syn-write) exec child 2 of 10: "child-syn-wrt 1"
  (syn-write) exec child 3 of 10: "child-syn-wrt 2"
  (syn-write) exec child 4 of 10: "child-syn-wrt 3"
  (syn-write) exec child 5 of 10: "child-syn-wrt 4"
  (syn-write) exec child 6 of 10: "child-syn-wrt 5"
  (syn-write) exec child 7 of 10: "child-syn-wrt 6"
  (syn-write) exec child 8 of 10: "child-syn-wrt 7"
  (syn-write) exec child 9 of 10: "child-syn-wrt 8"
  (syn-write) exec child 10 of 10: "child-syn-wrt 9"
  (syn-write) wait for child 1 of 10 returned 0 (expected 0)
  (syn-write) wait for child 2 of 10 returned 1 (expected 1)
  (syn-write) wait for child 3 of 10 returned 2 (expected 2)
  (syn-write) wait for child 4 of 10 returned 3 (expected 3)
  (syn-write) wait for child 5 of 10 returned 4 (expected 4)
  (syn-write) wait for child 6 of 10 returned 5 (expected 5)
  (syn-write) wait for child 7 of 10 returned 6 (expected 6)
  (syn-write) wait for child 8 of 10 returned 7 (expected 7)
  (syn-write) wait for child 9 of 10 returned 8 (expected 8)
  (syn-write) wait for child 10 of 10 returned 9 (expected 9)
  (syn-write) open "stuff"
  (syn-write) read "stuff"
- (syn-write) end

(Process exit codes are excluded for matching purposes.)
pass tests/userprog/args-none
pass tests/userprog/args-single
pass tests/userprog/args-multiple
pass tests/userprog/args-many
pass tests/userprog/args-dbl-space
pass tests/userprog/sc-bad-sp
pass tests/userprog/sc-bad-arg
pass tests/userprog/sc-boundary
pass tests/userprog/sc-boundary-2
pass tests/userprog/halt
pass tests/userprog/exit
pass tests/userprog/create-normal
pass tests/userprog/create-empty
pass tests/userprog/create-null
pass tests/userprog/create-bad-ptr
pass tests/userprog/create-long
pass tests/userprog/create-exists
pass tests/userprog/create-bound
pass tests/userprog/open-normal
pass tests/userprog/open-missing
pass tests/userprog/open-boundary
pass tests/userprog/open-empty
pass tests/userprog/open-null
pass tests/userprog/open-bad-ptr
pass tests/userprog/open-twice
pass tests/userprog/close-normal
pass tests/userprog/close-twice
pass tests/userprog/close-stdin
pass tests/userprog/close-stdout
pass tests/userprog/close-bad-fd
pass tests/userprog/read-normal
pass tests/userprog/read-bad-ptr
FAIL tests/userprog/read-boundary
pass tests/userprog/read-zero
pass tests/userprog/read-stdout
pass tests/userprog/read-bad-fd
pass tests/userprog/write-normal
pass tests/userprog/write-bad-ptr
pass tests/userprog/write-boundary
pass tests/userprog/write-zero
pass tests/userprog/write-stdin
pass tests/userprog/write-bad-fd
pass tests/userprog/exec-once
pass tests/userprog/exec-arg
pass tests/userprog/exec-multiple
pass tests/userprog/exec-missing
pass tests/userprog/exec-bad-ptr
pass tests/userprog/wait-simple
pass tests/userprog/wait-twice
pass tests/userprog/wait-killed
pass tests/userprog/wait-bad-pid
pass tests/userprog/multi-recurse
pass tests/userprog/multi-child-fd
pass tests/userprog/rox-simple
pass tests/userprog/rox-child
pass tests/userprog/rox-multichild
FAIL tests/userprog/bad-read
FAIL tests/userprog/bad-write
FAIL tests/userprog/bad-read2
FAIL tests/userprog/bad-write2
FAIL tests/userprog/bad-jump
FAIL tests/userprog/bad-jump2
FAIL tests/vm/pt-grow-stack
FAIL tests/vm/pt-grow-pusha
FAIL tests/vm/pt-grow-bad
FAIL tests/vm/pt-big-stk-obj
FAIL tests/vm/pt-bad-addr
pass tests/vm/pt-bad-read
FAIL tests/vm/pt-write-code
FAIL tests/vm/pt-write-code2
FAIL tests/vm/pt-grow-stk-sc
FAIL tests/vm/page-linear
FAIL tests/vm/page-parallel
FAIL tests/vm/page-merge-seq
FAIL tests/vm/page-merge-par
FAIL tests/vm/page-merge-stk
FAIL tests/vm/page-merge-mm
pass tests/vm/page-shuffle
FAIL tests/vm/mmap-read
FAIL tests/vm/mmap-close
FAIL tests/vm/mmap-unmap
FAIL tests/vm/mmap-overlap
FAIL tests/vm/mmap-twice
FAIL tests/vm/mmap-write
FAIL tests/vm/mmap-exit
FAIL tests/vm/mmap-shuffle
FAIL tests/vm/mmap-bad-fd
FAIL tests/vm/mmap-clean
FAIL tests/vm/mmap-inherit
FAIL tests/vm/mmap-misalign
FAIL tests/vm/mmap-null
FAIL tests/vm/mmap-over-code
FAIL tests/vm/mmap-over-data
FAIL tests/vm/mmap-over-stk
FAIL tests/vm/mmap-remove
FAIL tests/vm/mmap-zero
pass tests/filesys/base/lg-create
pass tests/filesys/base/lg-full
pass tests/filesys/base/lg-random
pass tests/filesys/base/lg-seq-block
pass tests/filesys/base/lg-seq-random
pass tests/filesys/base/sm-create
pass tests/filesys/base/sm-full
pass tests/filesys/base/sm-random
pass tests/filesys/base/sm-seq-block
pass tests/filesys/base/sm-seq-random
pass tests/filesys/base/syn-read
pass tests/filesys/base/syn-remove
FAIL tests/filesys/base/syn-write
40 of 109 tests failed.
make[1]: *** [check] Error 1
make[1]: Leaving directory `/v/filer4b/v38q001/scottnm/Documents/CS439/project 3/src/vm/build'
make: *** [check] Error 2
